<?xml version="1.0" encoding="UTF-8"?>
<urlset
      xmlns="http://www.sitemaps.org/schemas/sitemap/0.9"
      xmlns:xsi="http://www.w3.org/2001/XMLSchema-instance"
      xsi:schemaLocation="http://www.sitemaps.org/schemas/sitemap/0.9
            http://www.sitemaps.org/schemas/sitemap/0.9/sitemap.xsd">
<!-- created with Free Online Sitemap Generator www.xml-sitemaps.com -->


<url>
  <loc>https://competent-swanson-7f8e04.netlify.com/</loc>
  <lastmod>2019-07-26T14:46:14+00:00</lastmod>
  <priority>1.00</priority>
</url>
<url>
  <loc>https://competent-swanson-7f8e04.netlify.com/curriculum/</loc>
  <lastmod>2019-07-26T14:46:14+00:00</lastmod>
  <priority>0.80</priority>
</url>
<url>
  <loc>https://competent-swanson-7f8e04.netlify.com/curriculum/indexes/</loc>
  <lastmod>2019-07-26T14:46:14+00:00</lastmod>
  <priority>0.80</priority>
</url>
<url>
  <loc>https://competent-swanson-7f8e04.netlify.com/curriculum/units/</loc>
  <lastmod>2019-07-26T14:46:14+00:00</lastmod>
  <priority>0.80</priority>
</url>
<url>
  <loc>https://competent-swanson-7f8e04.netlify.com/curriculum/referencelists/</loc>
  <lastmod>2019-07-26T14:46:14+00:00</lastmod>
  <priority>0.80</priority>
</url>
<url>
  <loc>https://competent-swanson-7f8e04.netlify.com/brochures/</loc>
  <lastmod>2019-07-26T14:46:14+00:00</lastmod>
  <priority>0.80</priority>
</url>
<url>
  <loc>https://competent-swanson-7f8e04.netlify.com/brochures/studies/</loc>
  <lastmod>2019-07-26T14:46:14+00:00</lastmod>
  <priority>0.80</priority>
</url>
<url>
  <loc>https://competent-swanson-7f8e04.netlify.com/brochures/newhavenprogram/</loc>
  <lastmod>2019-07-26T14:46:14+00:00</lastmod>
  <priority>0.80</priority>
</url>
<url>
  <loc>https://competent-swanson-7f8e04.netlify.com/brochures/nationdemonstrationpj/</loc>
  <lastmod>2019-07-26T14:46:14+00:00</lastmod>
  <priority>0.80</priority>
</url>
<url>
  <loc>https://competent-swanson-7f8e04.netlify.com/pubs/</loc>
  <lastmod>2019-07-26T14:46:14+00:00</lastmod>
  <priority>0.80</priority>
</url>
<url>
  <loc>https://competent-swanson-7f8e04.netlify.com/pubs/periodical/</loc>
  <lastmod>2019-07-26T14:46:14+00:00</lastmod>
  <priority>0.80</priority>
</url>
<url>
  <loc>https://competent-swanson-7f8e04.netlify.com/pubs/books/</loc>
  <lastmod>2019-07-26T14:46:14+00:00</lastmod>
  <priority>0.80</priority>
</url>
<url>
  <loc>https://competent-swanson-7f8e04.netlify.com/brochures/centermanual/</loc>
  <lastmod>2019-07-26T14:46:14+00:00</lastmod>
  <priority>0.80</priority>
</url>
<url>
  <loc>https://competent-swanson-7f8e04.netlify.com/event-proceedings/</loc>
  <lastmod>2019-07-26T14:46:14+00:00</lastmod>
  <priority>0.80</priority>
</url>
<url>
  <loc>https://competent-swanson-7f8e04.netlify.com/event-proceedings/conferences/</loc>
  <lastmod>2019-07-26T14:46:14+00:00</lastmod>
  <priority>0.80</priority>
</url>
<url>
  <loc>https://competent-swanson-7f8e04.netlify.com/event-proceedings/endowment/</loc>
  <lastmod>2019-07-26T14:46:14+00:00</lastmod>
  <priority>0.80</priority>
</url>
<url>
  <loc>https://competent-swanson-7f8e04.netlify.com/event-proceedings/news-conferences/</loc>
  <lastmod>2019-07-26T14:46:14+00:00</lastmod>
  <priority>0.80</priority>
</url>
<url>
  <loc>https://competent-swanson-7f8e04.netlify.com/brochures/25th</loc>
  <lastmod>2019-07-26T14:46:14+00:00</lastmod>
  <priority>0.80</priority>
</url>
<url>
  <loc>https://competent-swanson-7f8e04.netlify.com/congressional</loc>
  <lastmod>2019-07-26T14:46:14+00:00</lastmod>
  <priority>0.80</priority>
</url>
<url>
  <loc>https://competent-swanson-7f8e04.netlify.com/timeline/</loc>
  <lastmod>2019-07-26T14:46:14+00:00</lastmod>
  <priority>0.80</priority>
</url>
<url>
  <loc>https://competent-swanson-7f8e04.netlify.com/about/</loc>
  <lastmod>2019-07-26T14:46:14+00:00</lastmod>
  <priority>0.80</priority>
</url>
<url>
  <loc>https://competent-swanson-7f8e04.netlify.com/brochures/annual-brochure</loc>
  <lastmod>2019-07-26T14:46:14+00:00</lastmod>
  <priority>0.80</priority>
</url>
<url>
  <loc>https://competent-swanson-7f8e04.netlify.com/about/policies-structure-procedures/</loc>
  <lastmod>2019-07-26T14:46:14+00:00</lastmod>
  <priority>0.80</priority>
</url>
<url>
  <loc>https://competent-swanson-7f8e04.netlify.com/brochures/a9</loc>
  <lastmod>2019-07-26T14:46:14+00:00</lastmod>
  <priority>0.80</priority>
</url>
<url>
  <loc>https://competent-swanson-7f8e04.netlify.com/brochures/video-programs</loc>
  <lastmod>2019-07-26T14:46:14+00:00</lastmod>
  <priority>0.80</priority>
</url>
<url>
  <loc>https://competent-swanson-7f8e04.netlify.com/articles/</loc>
  <lastmod>2019-07-26T14:46:14+00:00</lastmod>
  <priority>0.80</priority>
</url>
<url>
  <loc>https://competent-swanson-7f8e04.netlify.com/comments</loc>
  <lastmod>2019-07-26T14:46:14+00:00</lastmod>
  <priority>0.80</priority>
</url>
<url>
  <loc>https://competent-swanson-7f8e04.netlify.com/brochures/A1/2019-YNHTI-Annual-Brochure.pdf</loc>
  <lastmod>2019-07-26T14:46:14+00:00</lastmod>
  <priority>0.80</priority>
</url>
<url>
  <loc>https://competent-swanson-7f8e04.netlify.com/map.x</loc>
  <lastmod>2019-07-26T14:46:14+00:00</lastmod>
  <priority>0.80</priority>
</url>
<url>
  <loc>https://competent-swanson-7f8e04.netlify.com/participate/</loc>
  <lastmod>2019-07-26T14:46:14+00:00</lastmod>
  <priority>0.80</priority>
</url>
<url>
  <loc>https://competent-swanson-7f8e04.netlify.com/terms/</loc>
  <lastmod>2019-07-26T14:46:14+00:00</lastmod>
  <priority>0.80</priority>
</url>
<url>
  <loc>https://competent-swanson-7f8e04.netlify.com/curriculum/indexes/a.x</loc>
  <lastmod>2019-07-26T14:46:14+00:00</lastmod>
  <priority>0.64</priority>
</url>
<url>
  <loc>https://competent-swanson-7f8e04.netlify.com/curriculum/indexes/b.x</loc>
  <lastmod>2019-07-26T14:46:14+00:00</lastmod>
  <priority>0.64</priority>
</url>
<url>
  <loc>https://competent-swanson-7f8e04.netlify.com/curriculum/indexes/c.x</loc>
  <lastmod>2019-07-26T14:46:14+00:00</lastmod>
  <priority>0.64</priority>
</url>
<url>
  <loc>https://competent-swanson-7f8e04.netlify.com/curriculum/indexes/d.x</loc>
  <lastmod>2019-07-26T14:46:14+00:00</lastmod>
  <priority>0.64</priority>
</url>
<url>
  <loc>https://competent-swanson-7f8e04.netlify.com/curriculum/indexes/e.x</loc>
  <lastmod>2019-07-26T14:46:14+00:00</lastmod>
  <priority>0.64</priority>
</url>
<url>
  <loc>https://competent-swanson-7f8e04.netlify.com/curriculum/indexes/f.x</loc>
  <lastmod>2019-07-26T14:46:14+00:00</lastmod>
  <priority>0.64</priority>
</url>
<url>
  <loc>https://competent-swanson-7f8e04.netlify.com/curriculum/indexes/g.x</loc>
  <lastmod>2019-07-26T14:46:14+00:00</lastmod>
  <priority>0.64</priority>
</url>
<url>
  <loc>https://competent-swanson-7f8e04.netlify.com/curriculum/indexes/h.x</loc>
  <lastmod>2019-07-26T14:46:14+00:00</lastmod>
  <priority>0.64</priority>
</url>
<url>
  <loc>https://competent-swanson-7f8e04.netlify.com/curriculum/indexes/i.x</loc>
  <lastmod>2019-07-26T14:46:14+00:00</lastmod>
  <priority>0.64</priority>
</url>
<url>
  <loc>https://competent-swanson-7f8e04.netlify.com/curriculum/indexes/j.x</loc>
  <lastmod>2019-07-26T14:46:14+00:00</lastmod>
  <priority>0.64</priority>
</url>
<url>
  <loc>https://competent-swanson-7f8e04.netlify.com/curriculum/indexes/k.x</loc>
  <lastmod>2019-07-26T14:46:14+00:00</lastmod>
  <priority>0.64</priority>
</url>
<url>
  <loc>https://competent-swanson-7f8e04.netlify.com/curriculum/indexes/l.x</loc>
  <lastmod>2019-07-26T14:46:14+00:00</lastmod>
  <priority>0.64</priority>
</url>
<url>
  <loc>https://competent-swanson-7f8e04.netlify.com/curriculum/indexes/m.x</loc>
  <lastmod>2019-07-26T14:46:14+00:00</lastmod>
  <priority>0.64</priority>
</url>
<url>
  <loc>https://competent-swanson-7f8e04.netlify.com/curriculum/indexes/n.x</loc>
  <lastmod>2019-07-26T14:46:14+00:00</lastmod>
  <priority>0.64</priority>
</url>
<url>
  <loc>https://competent-swanson-7f8e04.netlify.com/curriculum/indexes/o.x</loc>
  <lastmod>2019-07-26T14:46:14+00:00</lastmod>
  <priority>0.64</priority>
</url>
<url>
  <loc>https://competent-swanson-7f8e04.netlify.com/curriculum/indexes/p.x</loc>
  <lastmod>2019-07-26T14:46:14+00:00</lastmod>
  <priority>0.64</priority>
</url>
<url>
  <loc>https://competent-swanson-7f8e04.netlify.com/curriculum/indexes/q.x</loc>
  <lastmod>2019-07-26T14:46:14+00:00</lastmod>
  <priority>0.64</priority>
</url>
<url>
  <loc>https://competent-swanson-7f8e04.netlify.com/curriculum/indexes/r.x</loc>
  <lastmod>2019-07-26T14:46:14+00:00</lastmod>
  <priority>0.64</priority>
</url>
<url>
  <loc>https://competent-swanson-7f8e04.netlify.com/curriculum/indexes/s.x</loc>
  <lastmod>2019-07-26T14:46:14+00:00</lastmod>
  <priority>0.64</priority>
</url>
<url>
  <loc>https://competent-swanson-7f8e04.netlify.com/curriculum/indexes/t.x</loc>
  <lastmod>2019-07-26T14:46:14+00:00</lastmod>
  <priority>0.64</priority>
</url>
<url>
  <loc>https://competent-swanson-7f8e04.netlify.com/curriculum/indexes/u.x</loc>
  <lastmod>2019-07-26T14:46:14+00:00</lastmod>
  <priority>0.64</priority>
</url>
<url>
  <loc>https://competent-swanson-7f8e04.netlify.com/curriculum/indexes/v.x</loc>
  <lastmod>2019-07-26T14:46:14+00:00</lastmod>
  <priority>0.64</priority>
</url>
<url>
  <loc>https://competent-swanson-7f8e04.netlify.com/curriculum/indexes/w.x</loc>
  <lastmod>2019-07-26T14:46:14+00:00</lastmod>
  <priority>0.64</priority>
</url>
<url>
  <loc>https://competent-swanson-7f8e04.netlify.com/curriculum/indexes/x.x</loc>
  <lastmod>2019-07-26T14:46:14+00:00</lastmod>
  <priority>0.64</priority>
</url>
<url>
  <loc>https://competent-swanson-7f8e04.netlify.com/curriculum/indexes/y.x</loc>
  <lastmod>2019-07-26T14:46:14+00:00</lastmod>
  <priority>0.64</priority>
</url>
<url>
  <loc>https://competent-swanson-7f8e04.netlify.com/curriculum/indexes/z.x</loc>
  <lastmod>2019-07-26T14:46:14+00:00</lastmod>
  <priority>0.64</priority>
</url>
<url>
  <loc>https://competent-swanson-7f8e04.netlify.com/curriculum/guides/2004/1/04.01.09.x</loc>
  <lastmod>2019-07-26T14:46:14+00:00</lastmod>
  <priority>0.64</priority>
</url>
<url>
  <loc>https://competent-swanson-7f8e04.netlify.com/curriculum/units/2018/1/</loc>
  <lastmod>2019-07-26T14:46:14+00:00</lastmod>
  <priority>0.64</priority>
</url>
<url>
  <loc>https://competent-swanson-7f8e04.netlify.com/curriculum/units/2018/2/</loc>
  <lastmod>2019-07-26T14:46:14+00:00</lastmod>
  <priority>0.64</priority>
</url>
<url>
  <loc>https://competent-swanson-7f8e04.netlify.com/curriculum/units/2017/1/</loc>
  <lastmod>2019-07-26T14:46:14+00:00</lastmod>
  <priority>0.64</priority>
</url>
<url>
  <loc>https://competent-swanson-7f8e04.netlify.com/curriculum/units/2017/2/</loc>
  <lastmod>2019-07-26T14:46:14+00:00</lastmod>
  <priority>0.64</priority>
</url>
<url>
  <loc>https://competent-swanson-7f8e04.netlify.com/curriculum/units/2016/1/</loc>
  <lastmod>2019-07-26T14:46:14+00:00</lastmod>
  <priority>0.64</priority>
</url>
<url>
  <loc>https://competent-swanson-7f8e04.netlify.com/curriculum/units/2016/2/</loc>
  <lastmod>2019-07-26T14:46:14+00:00</lastmod>
  <priority>0.64</priority>
</url>
<url>
  <loc>https://competent-swanson-7f8e04.netlify.com/curriculum/units/2016/3/</loc>
  <lastmod>2019-07-26T14:46:14+00:00</lastmod>
  <priority>0.64</priority>
</url>
<url>
  <loc>https://competent-swanson-7f8e04.netlify.com/curriculum/units/2016/4/</loc>
  <lastmod>2019-07-26T14:46:14+00:00</lastmod>
  <priority>0.64</priority>
</url>
<url>
  <loc>https://competent-swanson-7f8e04.netlify.com/curriculum/units/2015/1/</loc>
  <lastmod>2019-07-26T14:46:14+00:00</lastmod>
  <priority>0.64</priority>
</url>
<url>
  <loc>https://competent-swanson-7f8e04.netlify.com/curriculum/units/2015/2/</loc>
  <lastmod>2019-07-26T14:46:14+00:00</lastmod>
  <priority>0.64</priority>
</url>
<url>
  <loc>https://competent-swanson-7f8e04.netlify.com/curriculum/units/2015/3/</loc>
  <lastmod>2019-07-26T14:46:14+00:00</lastmod>
  <priority>0.64</priority>
</url>
<url>
  <loc>https://competent-swanson-7f8e04.netlify.com/curriculum/units/2015/4/</loc>
  <lastmod>2019-07-26T14:46:14+00:00</lastmod>
  <priority>0.64</priority>
</url>
<url>
  <loc>https://competent-swanson-7f8e04.netlify.com/curriculum/units/2014/1/</loc>
  <lastmod>2019-07-26T14:46:14+00:00</lastmod>
  <priority>0.64</priority>
</url>
<url>
  <loc>https://competent-swanson-7f8e04.netlify.com/curriculum/units/2014/2/</loc>
  <lastmod>2019-07-26T14:46:14+00:00</lastmod>
  <priority>0.64</priority>
</url>
<url>
  <loc>https://competent-swanson-7f8e04.netlify.com/curriculum/units/2014/3/</loc>
  <lastmod>2019-07-26T14:46:14+00:00</lastmod>
  <priority>0.64</priority>
</url>
<url>
  <loc>https://competent-swanson-7f8e04.netlify.com/curriculum/units/2014/4/</loc>
  <lastmod>2019-07-26T14:46:14+00:00</lastmod>
  <priority>0.64</priority>
</url>
<url>
  <loc>https://competent-swanson-7f8e04.netlify.com/curriculum/units/2013/1/</loc>
  <lastmod>2019-07-26T14:46:14+00:00</lastmod>
  <priority>0.64</priority>
</url>
<url>
  <loc>https://competent-swanson-7f8e04.netlify.com/curriculum/units/2013/2/</loc>
  <lastmod>2019-07-26T14:46:14+00:00</lastmod>
  <priority>0.64</priority>
</url>
<url>
  <loc>https://competent-swanson-7f8e04.netlify.com/curriculum/units/2013/3/</loc>
  <lastmod>2019-07-26T14:46:14+00:00</lastmod>
  <priority>0.64</priority>
</url>
<url>
  <loc>https://competent-swanson-7f8e04.netlify.com/curriculum/units/2013/4/</loc>
  <lastmod>2019-07-26T14:46:14+00:00</lastmod>
  <priority>0.64</priority>
</url>
<url>
  <loc>https://competent-swanson-7f8e04.netlify.com/curriculum/units/2012/1/</loc>
  <lastmod>2019-07-26T14:46:14+00:00</lastmod>
  <priority>0.64</priority>
</url>
<url>
  <loc>https://competent-swanson-7f8e04.netlify.com/curriculum/units/2012/2/</loc>
  <lastmod>2019-07-26T14:46:14+00:00</lastmod>
  <priority>0.64</priority>
</url>
<url>
  <loc>https://competent-swanson-7f8e04.netlify.com/curriculum/units/2012/3/</loc>
  <lastmod>2019-07-26T14:46:14+00:00</lastmod>
  <priority>0.64</priority>
</url>
<url>
  <loc>https://competent-swanson-7f8e04.netlify.com/curriculum/units/2012/4/</loc>
  <lastmod>2019-07-26T14:46:14+00:00</lastmod>
  <priority>0.64</priority>
</url>
<url>
  <loc>https://competent-swanson-7f8e04.netlify.com/curriculum/units/2011/1/</loc>
  <lastmod>2019-07-26T14:46:14+00:00</lastmod>
  <priority>0.64</priority>
</url>
<url>
  <loc>https://competent-swanson-7f8e04.netlify.com/curriculum/units/2011/2/</loc>
  <lastmod>2019-07-26T14:46:14+00:00</lastmod>
  <priority>0.64</priority>
</url>
<url>
  <loc>https://competent-swanson-7f8e04.netlify.com/curriculum/units/2011/3/</loc>
  <lastmod>2019-07-26T14:46:14+00:00</lastmod>
  <priority>0.64</priority>
</url>
<url>
  <loc>https://competent-swanson-7f8e04.netlify.com/curriculum/units/2011/4/</loc>
  <lastmod>2019-07-26T14:46:14+00:00</lastmod>
  <priority>0.64</priority>
</url>
<url>
  <loc>https://competent-swanson-7f8e04.netlify.com/curriculum/units/2010/1/</loc>
  <lastmod>2019-07-26T14:46:14+00:00</lastmod>
  <priority>0.64</priority>
</url>
<url>
  <loc>https://competent-swanson-7f8e04.netlify.com/curriculum/units/2010/2/</loc>
  <lastmod>2019-07-26T14:46:14+00:00</lastmod>
  <priority>0.64</priority>
</url>
<url>
  <loc>https://competent-swanson-7f8e04.netlify.com/curriculum/units/2010/3/</loc>
  <lastmod>2019-07-26T14:46:14+00:00</lastmod>
  <priority>0.64</priority>
</url>
<url>
  <loc>https://competent-swanson-7f8e04.netlify.com/curriculum/units/2010/4/</loc>
  <lastmod>2019-07-26T14:46:14+00:00</lastmod>
  <priority>0.64</priority>
</url>
<url>
  <loc>https://competent-swanson-7f8e04.netlify.com/curriculum/units/2009/1/</loc>
  <lastmod>2019-07-26T14:46:14+00:00</lastmod>
  <priority>0.64</priority>
</url>
<url>
  <loc>https://competent-swanson-7f8e04.netlify.com/curriculum/units/2009/2/</loc>
  <lastmod>2019-07-26T14:46:14+00:00</lastmod>
  <priority>0.64</priority>
</url>
<url>
  <loc>https://competent-swanson-7f8e04.netlify.com/curriculum/units/2009/3/</loc>
  <lastmod>2019-07-26T14:46:14+00:00</lastmod>
  <priority>0.64</priority>
</url>
<url>
  <loc>https://competent-swanson-7f8e04.netlify.com/curriculum/units/2009/4/</loc>
  <lastmod>2019-07-26T14:46:14+00:00</lastmod>
  <priority>0.64</priority>
</url>
<url>
  <loc>https://competent-swanson-7f8e04.netlify.com/curriculum/units/2009/5/</loc>
  <lastmod>2019-07-26T14:46:14+00:00</lastmod>
  <priority>0.64</priority>
</url>
<url>
  <loc>https://competent-swanson-7f8e04.netlify.com/curriculum/units/2008/1/</loc>
  <lastmod>2019-07-26T14:46:14+00:00</lastmod>
  <priority>0.64</priority>
</url>
<url>
  <loc>https://competent-swanson-7f8e04.netlify.com/curriculum/units/2008/2/</loc>
  <lastmod>2019-07-26T14:46:14+00:00</lastmod>
  <priority>0.64</priority>
</url>
<url>
  <loc>https://competent-swanson-7f8e04.netlify.com/curriculum/units/2008/3/</loc>
  <lastmod>2019-07-26T14:46:14+00:00</lastmod>
  <priority>0.64</priority>
</url>
<url>
  <loc>https://competent-swanson-7f8e04.netlify.com/curriculum/units/2008/4/</loc>
  <lastmod>2019-07-26T14:46:14+00:00</lastmod>
  <priority>0.64</priority>
</url>
<url>
  <loc>https://competent-swanson-7f8e04.netlify.com/curriculum/units/2008/5/</loc>
  <lastmod>2019-07-26T14:46:14+00:00</lastmod>
  <priority>0.64</priority>
</url>
<url>
  <loc>https://competent-swanson-7f8e04.netlify.com/curriculum/units/2008/6/</loc>
  <lastmod>2019-07-26T14:46:14+00:00</lastmod>
  <priority>0.64</priority>
</url>
<url>
  <loc>https://competent-swanson-7f8e04.netlify.com/curriculum/units/2007/1/</loc>
  <lastmod>2019-07-26T14:46:14+00:00</lastmod>
  <priority>0.64</priority>
</url>
<url>
  <loc>https://competent-swanson-7f8e04.netlify.com/curriculum/units/2007/2/</loc>
  <lastmod>2019-07-26T14:46:14+00:00</lastmod>
  <priority>0.64</priority>
</url>
<url>
  <loc>https://competent-swanson-7f8e04.netlify.com/curriculum/units/2007/3/</loc>
  <lastmod>2019-07-26T14:46:14+00:00</lastmod>
  <priority>0.64</priority>
</url>
<url>
  <loc>https://competent-swanson-7f8e04.netlify.com/curriculum/units/2007/4/</loc>
  <lastmod>2019-07-26T14:46:14+00:00</lastmod>
  <priority>0.64</priority>
</url>
<url>
  <loc>https://competent-swanson-7f8e04.netlify.com/curriculum/units/2007/5/</loc>
  <lastmod>2019-07-26T14:46:14+00:00</lastmod>
  <priority>0.64</priority>
</url>
<url>
  <loc>https://competent-swanson-7f8e04.netlify.com/curriculum/units/2006/1/</loc>
  <lastmod>2019-07-26T14:46:14+00:00</lastmod>
  <priority>0.64</priority>
</url>
<url>
  <loc>https://competent-swanson-7f8e04.netlify.com/curriculum/units/2006/2/</loc>
  <lastmod>2019-07-26T14:46:14+00:00</lastmod>
  <priority>0.64</priority>
</url>
<url>
  <loc>https://competent-swanson-7f8e04.netlify.com/curriculum/units/2006/3/</loc>
  <lastmod>2019-07-26T14:46:14+00:00</lastmod>
  <priority>0.64</priority>
</url>
<url>
  <loc>https://competent-swanson-7f8e04.netlify.com/curriculum/units/2006/4/</loc>
  <lastmod>2019-07-26T14:46:14+00:00</lastmod>
  <priority>0.64</priority>
</url>
<url>
  <loc>https://competent-swanson-7f8e04.netlify.com/curriculum/units/2006/5/</loc>
  <lastmod>2019-07-26T14:46:14+00:00</lastmod>
  <priority>0.64</priority>
</url>
<url>
  <loc>https://competent-swanson-7f8e04.netlify.com/curriculum/units/2006/6/</loc>
  <lastmod>2019-07-26T14:46:14+00:00</lastmod>
  <priority>0.64</priority>
</url>
<url>
  <loc>https://competent-swanson-7f8e04.netlify.com/curriculum/units/2005/1/</loc>
  <lastmod>2019-07-26T14:46:14+00:00</lastmod>
  <priority>0.64</priority>
</url>
<url>
  <loc>https://competent-swanson-7f8e04.netlify.com/curriculum/units/2005/2/</loc>
  <lastmod>2019-07-26T14:46:14+00:00</lastmod>
  <priority>0.64</priority>
</url>
<url>
  <loc>https://competent-swanson-7f8e04.netlify.com/curriculum/units/2005/3/</loc>
  <lastmod>2019-07-26T14:46:14+00:00</lastmod>
  <priority>0.64</priority>
</url>
<url>
  <loc>https://competent-swanson-7f8e04.netlify.com/curriculum/units/2005/4/</loc>
  <lastmod>2019-07-26T14:46:14+00:00</lastmod>
  <priority>0.64</priority>
</url>
<url>
  <loc>https://competent-swanson-7f8e04.netlify.com/curriculum/units/2005/5/</loc>
  <lastmod>2019-07-26T14:46:14+00:00</lastmod>
  <priority>0.64</priority>
</url>
<url>
  <loc>https://competent-swanson-7f8e04.netlify.com/curriculum/units/2004/1/</loc>
  <lastmod>2019-07-26T14:46:14+00:00</lastmod>
  <priority>0.64</priority>
</url>
<url>
  <loc>https://competent-swanson-7f8e04.netlify.com/curriculum/units/2004/2/</loc>
  <lastmod>2019-07-26T14:46:14+00:00</lastmod>
  <priority>0.64</priority>
</url>
<url>
  <loc>https://competent-swanson-7f8e04.netlify.com/curriculum/units/2004/3/</loc>
  <lastmod>2019-07-26T14:46:14+00:00</lastmod>
  <priority>0.64</priority>
</url>
<url>
  <loc>https://competent-swanson-7f8e04.netlify.com/curriculum/units/2004/4/</loc>
  <lastmod>2019-07-26T14:46:14+00:00</lastmod>
  <priority>0.64</priority>
</url>
<url>
  <loc>https://competent-swanson-7f8e04.netlify.com/curriculum/units/2004/5/</loc>
  <lastmod>2019-07-26T14:46:14+00:00</lastmod>
  <priority>0.64</priority>
</url>
<url>
  <loc>https://competent-swanson-7f8e04.netlify.com/curriculum/units/2003/1/</loc>
  <lastmod>2019-07-26T14:46:14+00:00</lastmod>
  <priority>0.64</priority>
</url>
<url>
  <loc>https://competent-swanson-7f8e04.netlify.com/curriculum/units/2003/2/</loc>
  <lastmod>2019-07-26T14:46:14+00:00</lastmod>
  <priority>0.64</priority>
</url>
<url>
  <loc>https://competent-swanson-7f8e04.netlify.com/curriculum/units/2003/3/</loc>
  <lastmod>2019-07-26T14:46:14+00:00</lastmod>
  <priority>0.64</priority>
</url>
<url>
  <loc>https://competent-swanson-7f8e04.netlify.com/curriculum/units/2003/4/</loc>
  <lastmod>2019-07-26T14:46:14+00:00</lastmod>
  <priority>0.64</priority>
</url>
<url>
  <loc>https://competent-swanson-7f8e04.netlify.com/curriculum/units/2003/5/</loc>
  <lastmod>2019-07-26T14:46:14+00:00</lastmod>
  <priority>0.64</priority>
</url>
<url>
  <loc>https://competent-swanson-7f8e04.netlify.com/curriculum/units/2002/1/</loc>
  <lastmod>2019-07-26T14:46:14+00:00</lastmod>
  <priority>0.64</priority>
</url>
<url>
  <loc>https://competent-swanson-7f8e04.netlify.com/curriculum/units/2002/2/</loc>
  <lastmod>2019-07-26T14:46:14+00:00</lastmod>
  <priority>0.64</priority>
</url>
<url>
  <loc>https://competent-swanson-7f8e04.netlify.com/curriculum/units/2002/3/</loc>
  <lastmod>2019-07-26T14:46:14+00:00</lastmod>
  <priority>0.64</priority>
</url>
<url>
  <loc>https://competent-swanson-7f8e04.netlify.com/curriculum/units/2002/4/</loc>
  <lastmod>2019-07-26T14:46:14+00:00</lastmod>
  <priority>0.64</priority>
</url>
<url>
  <loc>https://competent-swanson-7f8e04.netlify.com/curriculum/units/2002/5/</loc>
  <lastmod>2019-07-26T14:46:14+00:00</lastmod>
  <priority>0.64</priority>
</url>
<url>
  <loc>https://competent-swanson-7f8e04.netlify.com/curriculum/units/2002/6/</loc>
  <lastmod>2019-07-26T14:46:14+00:00</lastmod>
  <priority>0.64</priority>
</url>
<url>
  <loc>https://competent-swanson-7f8e04.netlify.com/curriculum/units/2001/1/</loc>
  <lastmod>2019-07-26T14:46:14+00:00</lastmod>
  <priority>0.64</priority>
</url>
<url>
  <loc>https://competent-swanson-7f8e04.netlify.com/curriculum/units/2001/2/</loc>
  <lastmod>2019-07-26T14:46:14+00:00</lastmod>
  <priority>0.64</priority>
</url>
<url>
  <loc>https://competent-swanson-7f8e04.netlify.com/curriculum/units/2001/3/</loc>
  <lastmod>2019-07-26T14:46:14+00:00</lastmod>
  <priority>0.64</priority>
</url>
<url>
  <loc>https://competent-swanson-7f8e04.netlify.com/curriculum/units/2001/4/</loc>
  <lastmod>2019-07-26T14:46:14+00:00</lastmod>
  <priority>0.64</priority>
</url>
<url>
  <loc>https://competent-swanson-7f8e04.netlify.com/curriculum/units/2001/5/</loc>
  <lastmod>2019-07-26T14:46:14+00:00</lastmod>
  <priority>0.64</priority>
</url>
<url>
  <loc>https://competent-swanson-7f8e04.netlify.com/curriculum/units/2001/6/</loc>
  <lastmod>2019-07-26T14:46:14+00:00</lastmod>
  <priority>0.64</priority>
</url>
<url>
  <loc>https://competent-swanson-7f8e04.netlify.com/curriculum/units/2000/1/</loc>
  <lastmod>2019-07-26T14:46:14+00:00</lastmod>
  <priority>0.64</priority>
</url>
<url>
  <loc>https://competent-swanson-7f8e04.netlify.com/curriculum/units/2000/2/</loc>
  <lastmod>2019-07-26T14:46:14+00:00</lastmod>
  <priority>0.64</priority>
</url>
<url>
  <loc>https://competent-swanson-7f8e04.netlify.com/curriculum/units/2000/3/</loc>
  <lastmod>2019-07-26T14:46:14+00:00</lastmod>
  <priority>0.64</priority>
</url>
<url>
  <loc>https://competent-swanson-7f8e04.netlify.com/curriculum/units/2000/4/</loc>
  <lastmod>2019-07-26T14:46:14+00:00</lastmod>
  <priority>0.64</priority>
</url>
<url>
  <loc>https://competent-swanson-7f8e04.netlify.com/curriculum/units/2000/5/</loc>
  <lastmod>2019-07-26T14:46:14+00:00</lastmod>
  <priority>0.64</priority>
</url>
<url>
  <loc>https://competent-swanson-7f8e04.netlify.com/curriculum/units/2000/6/</loc>
  <lastmod>2019-07-26T14:46:14+00:00</lastmod>
  <priority>0.64</priority>
</url>
<url>
  <loc>https://competent-swanson-7f8e04.netlify.com/curriculum/units/2000/7/</loc>
  <lastmod>2019-07-26T14:46:14+00:00</lastmod>
  <priority>0.64</priority>
</url>
<url>
  <loc>https://competent-swanson-7f8e04.netlify.com/curriculum/units/1999/1/</loc>
  <lastmod>2019-07-26T14:46:14+00:00</lastmod>
  <priority>0.64</priority>
</url>
<url>
  <loc>https://competent-swanson-7f8e04.netlify.com/curriculum/units/1999/2/</loc>
  <lastmod>2019-07-26T14:46:14+00:00</lastmod>
  <priority>0.64</priority>
</url>
<url>
  <loc>https://competent-swanson-7f8e04.netlify.com/curriculum/units/1999/3/</loc>
  <lastmod>2019-07-26T14:46:14+00:00</lastmod>
  <priority>0.64</priority>
</url>
<url>
  <loc>https://competent-swanson-7f8e04.netlify.com/curriculum/units/1999/4/</loc>
  <lastmod>2019-07-26T14:46:14+00:00</lastmod>
  <priority>0.64</priority>
</url>
<url>
  <loc>https://competent-swanson-7f8e04.netlify.com/curriculum/units/1999/5/</loc>
  <lastmod>2019-07-26T14:46:14+00:00</lastmod>
  <priority>0.64</priority>
</url>
<url>
  <loc>https://competent-swanson-7f8e04.netlify.com/curriculum/units/1999/6/</loc>
  <lastmod>2019-07-26T14:46:14+00:00</lastmod>
  <priority>0.64</priority>
</url>
<url>
  <loc>https://competent-swanson-7f8e04.netlify.com/curriculum/units/1999/7/</loc>
  <lastmod>2019-07-26T14:46:14+00:00</lastmod>
  <priority>0.64</priority>
</url>
<url>
  <loc>https://competent-swanson-7f8e04.netlify.com/curriculum/units/1998/1/</loc>
  <lastmod>2019-07-26T14:46:14+00:00</lastmod>
  <priority>0.64</priority>
</url>
<url>
  <loc>https://competent-swanson-7f8e04.netlify.com/curriculum/units/1998/2/</loc>
  <lastmod>2019-07-26T14:46:14+00:00</lastmod>
  <priority>0.64</priority>
</url>
<url>
  <loc>https://competent-swanson-7f8e04.netlify.com/curriculum/units/1998/3/</loc>
  <lastmod>2019-07-26T14:46:14+00:00</lastmod>
  <priority>0.64</priority>
</url>
<url>
  <loc>https://competent-swanson-7f8e04.netlify.com/curriculum/units/1998/4/</loc>
  <lastmod>2019-07-26T14:46:14+00:00</lastmod>
  <priority>0.64</priority>
</url>
<url>
  <loc>https://competent-swanson-7f8e04.netlify.com/curriculum/units/1998/5/</loc>
  <lastmod>2019-07-26T14:46:14+00:00</lastmod>
  <priority>0.64</priority>
</url>
<url>
  <loc>https://competent-swanson-7f8e04.netlify.com/curriculum/units/1998/6/</loc>
  <lastmod>2019-07-26T14:46:14+00:00</lastmod>
  <priority>0.64</priority>
</url>
<url>
  <loc>https://competent-swanson-7f8e04.netlify.com/curriculum/units/1998/7/</loc>
  <lastmod>2019-07-26T14:46:14+00:00</lastmod>
  <priority>0.64</priority>
</url>
<url>
  <loc>https://competent-swanson-7f8e04.netlify.com/curriculum/units/1997/1/</loc>
  <lastmod>2019-07-26T14:46:14+00:00</lastmod>
  <priority>0.64</priority>
</url>
<url>
  <loc>https://competent-swanson-7f8e04.netlify.com/curriculum/units/1997/2/</loc>
  <lastmod>2019-07-26T14:46:14+00:00</lastmod>
  <priority>0.64</priority>
</url>
<url>
  <loc>https://competent-swanson-7f8e04.netlify.com/curriculum/units/1997/3/</loc>
  <lastmod>2019-07-26T14:46:14+00:00</lastmod>
  <priority>0.64</priority>
</url>
<url>
  <loc>https://competent-swanson-7f8e04.netlify.com/curriculum/units/1997/4/</loc>
  <lastmod>2019-07-26T14:46:14+00:00</lastmod>
  <priority>0.64</priority>
</url>
<url>
  <loc>https://competent-swanson-7f8e04.netlify.com/curriculum/units/1997/5/</loc>
  <lastmod>2019-07-26T14:46:14+00:00</lastmod>
  <priority>0.64</priority>
</url>
<url>
  <loc>https://competent-swanson-7f8e04.netlify.com/curriculum/units/1997/6/</loc>
  <lastmod>2019-07-26T14:46:14+00:00</lastmod>
  <priority>0.64</priority>
</url>
<url>
  <loc>https://competent-swanson-7f8e04.netlify.com/curriculum/units/1997/7/</loc>
  <lastmod>2019-07-26T14:46:14+00:00</lastmod>
  <priority>0.64</priority>
</url>
<url>
  <loc>https://competent-swanson-7f8e04.netlify.com/curriculum/units/1996/1/</loc>
  <lastmod>2019-07-26T14:46:14+00:00</lastmod>
  <priority>0.64</priority>
</url>
<url>
  <loc>https://competent-swanson-7f8e04.netlify.com/curriculum/units/1996/2/</loc>
  <lastmod>2019-07-26T14:46:14+00:00</lastmod>
  <priority>0.64</priority>
</url>
<url>
  <loc>https://competent-swanson-7f8e04.netlify.com/curriculum/units/1996/3/</loc>
  <lastmod>2019-07-26T14:46:14+00:00</lastmod>
  <priority>0.64</priority>
</url>
<url>
  <loc>https://competent-swanson-7f8e04.netlify.com/curriculum/units/1996/4/</loc>
  <lastmod>2019-07-26T14:46:14+00:00</lastmod>
  <priority>0.64</priority>
</url>
<url>
  <loc>https://competent-swanson-7f8e04.netlify.com/curriculum/units/1996/5/</loc>
  <lastmod>2019-07-26T14:46:14+00:00</lastmod>
  <priority>0.64</priority>
</url>
<url>
  <loc>https://competent-swanson-7f8e04.netlify.com/curriculum/units/1996/6/</loc>
  <lastmod>2019-07-26T14:46:14+00:00</lastmod>
  <priority>0.64</priority>
</url>
<url>
  <loc>https://competent-swanson-7f8e04.netlify.com/curriculum/units/1995/1/</loc>
  <lastmod>2019-07-26T14:46:14+00:00</lastmod>
  <priority>0.64</priority>
</url>
<url>
  <loc>https://competent-swanson-7f8e04.netlify.com/curriculum/units/1995/2/</loc>
  <lastmod>2019-07-26T14:46:14+00:00</lastmod>
  <priority>0.64</priority>
</url>
<url>
  <loc>https://competent-swanson-7f8e04.netlify.com/curriculum/units/1995/3/</loc>
  <lastmod>2019-07-26T14:46:14+00:00</lastmod>
  <priority>0.64</priority>
</url>
<url>
  <loc>https://competent-swanson-7f8e04.netlify.com/curriculum/units/1995/4/</loc>
  <lastmod>2019-07-26T14:46:14+00:00</lastmod>
  <priority>0.64</priority>
</url>
<url>
  <loc>https://competent-swanson-7f8e04.netlify.com/curriculum/units/1995/5/</loc>
  <lastmod>2019-07-26T14:46:14+00:00</lastmod>
  <priority>0.64</priority>
</url>
<url>
  <loc>https://competent-swanson-7f8e04.netlify.com/curriculum/units/1994/1/</loc>
  <lastmod>2019-07-26T14:46:14+00:00</lastmod>
  <priority>0.64</priority>
</url>
<url>
  <loc>https://competent-swanson-7f8e04.netlify.com/curriculum/units/1994/2/</loc>
  <lastmod>2019-07-26T14:46:14+00:00</lastmod>
  <priority>0.64</priority>
</url>
<url>
  <loc>https://competent-swanson-7f8e04.netlify.com/curriculum/units/1994/3/</loc>
  <lastmod>2019-07-26T14:46:14+00:00</lastmod>
  <priority>0.64</priority>
</url>
<url>
  <loc>https://competent-swanson-7f8e04.netlify.com/curriculum/units/1994/4/</loc>
  <lastmod>2019-07-26T14:46:14+00:00</lastmod>
  <priority>0.64</priority>
</url>
<url>
  <loc>https://competent-swanson-7f8e04.netlify.com/curriculum/units/1994/5/</loc>
  <lastmod>2019-07-26T14:46:14+00:00</lastmod>
  <priority>0.64</priority>
</url>
<url>
  <loc>https://competent-swanson-7f8e04.netlify.com/curriculum/units/1993/1/</loc>
  <lastmod>2019-07-26T14:46:14+00:00</lastmod>
  <priority>0.64</priority>
</url>
<url>
  <loc>https://competent-swanson-7f8e04.netlify.com/curriculum/units/1993/2/</loc>
  <lastmod>2019-07-26T14:46:14+00:00</lastmod>
  <priority>0.64</priority>
</url>
<url>
  <loc>https://competent-swanson-7f8e04.netlify.com/curriculum/units/1993/3/</loc>
  <lastmod>2019-07-26T14:46:14+00:00</lastmod>
  <priority>0.64</priority>
</url>
<url>
  <loc>https://competent-swanson-7f8e04.netlify.com/curriculum/units/1993/4/</loc>
  <lastmod>2019-07-26T14:46:14+00:00</lastmod>
  <priority>0.64</priority>
</url>
<url>
  <loc>https://competent-swanson-7f8e04.netlify.com/curriculum/units/1993/5/</loc>
  <lastmod>2019-07-26T14:46:14+00:00</lastmod>
  <priority>0.64</priority>
</url>
<url>
  <loc>https://competent-swanson-7f8e04.netlify.com/curriculum/units/1992/1/</loc>
  <lastmod>2019-07-26T14:46:14+00:00</lastmod>
  <priority>0.64</priority>
</url>
<url>
  <loc>https://competent-swanson-7f8e04.netlify.com/curriculum/units/1992/2/</loc>
  <lastmod>2019-07-26T14:46:14+00:00</lastmod>
  <priority>0.64</priority>
</url>
<url>
  <loc>https://competent-swanson-7f8e04.netlify.com/curriculum/units/1992/3/</loc>
  <lastmod>2019-07-26T14:46:14+00:00</lastmod>
  <priority>0.64</priority>
</url>
<url>
  <loc>https://competent-swanson-7f8e04.netlify.com/curriculum/units/1992/4/</loc>
  <lastmod>2019-07-26T14:46:14+00:00</lastmod>
  <priority>0.64</priority>
</url>
<url>
  <loc>https://competent-swanson-7f8e04.netlify.com/curriculum/units/1992/5/</loc>
  <lastmod>2019-07-26T14:46:14+00:00</lastmod>
  <priority>0.64</priority>
</url>
<url>
  <loc>https://competent-swanson-7f8e04.netlify.com/curriculum/units/1991/1/</loc>
  <lastmod>2019-07-26T14:46:14+00:00</lastmod>
  <priority>0.64</priority>
</url>
<url>
  <loc>https://competent-swanson-7f8e04.netlify.com/curriculum/units/1991/2/</loc>
  <lastmod>2019-07-26T14:46:14+00:00</lastmod>
  <priority>0.64</priority>
</url>
<url>
  <loc>https://competent-swanson-7f8e04.netlify.com/curriculum/units/1991/3/</loc>
  <lastmod>2019-07-26T14:46:14+00:00</lastmod>
  <priority>0.64</priority>
</url>
<url>
  <loc>https://competent-swanson-7f8e04.netlify.com/curriculum/units/1991/4/</loc>
  <lastmod>2019-07-26T14:46:14+00:00</lastmod>
  <priority>0.64</priority>
</url>
<url>
  <loc>https://competent-swanson-7f8e04.netlify.com/curriculum/units/1991/5/</loc>
  <lastmod>2019-07-26T14:46:14+00:00</lastmod>
  <priority>0.64</priority>
</url>
<url>
  <loc>https://competent-swanson-7f8e04.netlify.com/curriculum/units/1991/6/</loc>
  <lastmod>2019-07-26T14:46:14+00:00</lastmod>
  <priority>0.64</priority>
</url>
<url>
  <loc>https://competent-swanson-7f8e04.netlify.com/curriculum/units/1990/1/</loc>
  <lastmod>2019-07-26T14:46:14+00:00</lastmod>
  <priority>0.64</priority>
</url>
<url>
  <loc>https://competent-swanson-7f8e04.netlify.com/curriculum/units/1990/2/</loc>
  <lastmod>2019-07-26T14:46:14+00:00</lastmod>
  <priority>0.64</priority>
</url>
<url>
  <loc>https://competent-swanson-7f8e04.netlify.com/curriculum/units/1990/3/</loc>
  <lastmod>2019-07-26T14:46:14+00:00</lastmod>
  <priority>0.64</priority>
</url>
<url>
  <loc>https://competent-swanson-7f8e04.netlify.com/curriculum/units/1990/4/</loc>
  <lastmod>2019-07-26T14:46:14+00:00</lastmod>
  <priority>0.64</priority>
</url>
<url>
  <loc>https://competent-swanson-7f8e04.netlify.com/curriculum/units/1990/5/</loc>
  <lastmod>2019-07-26T14:46:14+00:00</lastmod>
  <priority>0.64</priority>
</url>
<url>
  <loc>https://competent-swanson-7f8e04.netlify.com/curriculum/units/1990/6/</loc>
  <lastmod>2019-07-26T14:46:14+00:00</lastmod>
  <priority>0.64</priority>
</url>
<url>
  <loc>https://competent-swanson-7f8e04.netlify.com/curriculum/units/1990/7/</loc>
  <lastmod>2019-07-26T14:46:14+00:00</lastmod>
  <priority>0.64</priority>
</url>
<url>
  <loc>https://competent-swanson-7f8e04.netlify.com/curriculum/units/1989/1/</loc>
  <lastmod>2019-07-26T14:46:14+00:00</lastmod>
  <priority>0.64</priority>
</url>
<url>
  <loc>https://competent-swanson-7f8e04.netlify.com/curriculum/units/1989/2/</loc>
  <lastmod>2019-07-26T14:46:14+00:00</lastmod>
  <priority>0.64</priority>
</url>
<url>
  <loc>https://competent-swanson-7f8e04.netlify.com/curriculum/units/1989/3/</loc>
  <lastmod>2019-07-26T14:46:14+00:00</lastmod>
  <priority>0.64</priority>
</url>
<url>
  <loc>https://competent-swanson-7f8e04.netlify.com/curriculum/units/1989/4/</loc>
  <lastmod>2019-07-26T14:46:14+00:00</lastmod>
  <priority>0.64</priority>
</url>
<url>
  <loc>https://competent-swanson-7f8e04.netlify.com/curriculum/units/1989/5/</loc>
  <lastmod>2019-07-26T14:46:14+00:00</lastmod>
  <priority>0.64</priority>
</url>
<url>
  <loc>https://competent-swanson-7f8e04.netlify.com/curriculum/units/1989/6/</loc>
  <lastmod>2019-07-26T14:46:14+00:00</lastmod>
  <priority>0.64</priority>
</url>
<url>
  <loc>https://competent-swanson-7f8e04.netlify.com/curriculum/units/1989/7/</loc>
  <lastmod>2019-07-26T14:46:14+00:00</lastmod>
  <priority>0.64</priority>
</url>
<url>
  <loc>https://competent-swanson-7f8e04.netlify.com/curriculum/units/1988/1/</loc>
  <lastmod>2019-07-26T14:46:14+00:00</lastmod>
  <priority>0.64</priority>
</url>
<url>
  <loc>https://competent-swanson-7f8e04.netlify.com/curriculum/units/1988/2/</loc>
  <lastmod>2019-07-26T14:46:14+00:00</lastmod>
  <priority>0.64</priority>
</url>
<url>
  <loc>https://competent-swanson-7f8e04.netlify.com/curriculum/units/1988/3/</loc>
  <lastmod>2019-07-26T14:46:14+00:00</lastmod>
  <priority>0.64</priority>
</url>
<url>
  <loc>https://competent-swanson-7f8e04.netlify.com/curriculum/units/1988/4/</loc>
  <lastmod>2019-07-26T14:46:14+00:00</lastmod>
  <priority>0.64</priority>
</url>
<url>
  <loc>https://competent-swanson-7f8e04.netlify.com/curriculum/units/1988/5/</loc>
  <lastmod>2019-07-26T14:46:14+00:00</lastmod>
  <priority>0.64</priority>
</url>
<url>
  <loc>https://competent-swanson-7f8e04.netlify.com/curriculum/units/1988/6/</loc>
  <lastmod>2019-07-26T14:46:14+00:00</lastmod>
  <priority>0.64</priority>
</url>
<url>
  <loc>https://competent-swanson-7f8e04.netlify.com/curriculum/units/1987/1/</loc>
  <lastmod>2019-07-26T14:46:14+00:00</lastmod>
  <priority>0.64</priority>
</url>
<url>
  <loc>https://competent-swanson-7f8e04.netlify.com/curriculum/units/1987/2/</loc>
  <lastmod>2019-07-26T14:46:14+00:00</lastmod>
  <priority>0.64</priority>
</url>
<url>
  <loc>https://competent-swanson-7f8e04.netlify.com/curriculum/units/1987/3/</loc>
  <lastmod>2019-07-26T14:46:14+00:00</lastmod>
  <priority>0.64</priority>
</url>
<url>
  <loc>https://competent-swanson-7f8e04.netlify.com/curriculum/units/1987/4/</loc>
  <lastmod>2019-07-26T14:46:14+00:00</lastmod>
  <priority>0.64</priority>
</url>
<url>
  <loc>https://competent-swanson-7f8e04.netlify.com/curriculum/units/1987/5/</loc>
  <lastmod>2019-07-26T14:46:14+00:00</lastmod>
  <priority>0.64</priority>
</url>
<url>
  <loc>https://competent-swanson-7f8e04.netlify.com/curriculum/units/1987/6/</loc>
  <lastmod>2019-07-26T14:46:14+00:00</lastmod>
  <priority>0.64</priority>
</url>
<url>
  <loc>https://competent-swanson-7f8e04.netlify.com/curriculum/units/1986/1/</loc>
  <lastmod>2019-07-26T14:46:14+00:00</lastmod>
  <priority>0.64</priority>
</url>
<url>
  <loc>https://competent-swanson-7f8e04.netlify.com/curriculum/units/1986/2/</loc>
  <lastmod>2019-07-26T14:46:14+00:00</lastmod>
  <priority>0.64</priority>
</url>
<url>
  <loc>https://competent-swanson-7f8e04.netlify.com/curriculum/units/1986/3/</loc>
  <lastmod>2019-07-26T14:46:14+00:00</lastmod>
  <priority>0.64</priority>
</url>
<url>
  <loc>https://competent-swanson-7f8e04.netlify.com/curriculum/units/1986/4/</loc>
  <lastmod>2019-07-26T14:46:14+00:00</lastmod>
  <priority>0.64</priority>
</url>
<url>
  <loc>https://competent-swanson-7f8e04.netlify.com/curriculum/units/1986/5/</loc>
  <lastmod>2019-07-26T14:46:14+00:00</lastmod>
  <priority>0.64</priority>
</url>
<url>
  <loc>https://competent-swanson-7f8e04.netlify.com/curriculum/units/1986/6/</loc>
  <lastmod>2019-07-26T14:46:14+00:00</lastmod>
  <priority>0.64</priority>
</url>
<url>
  <loc>https://competent-swanson-7f8e04.netlify.com/curriculum/units/1985/1/</loc>
  <lastmod>2019-07-26T14:46:14+00:00</lastmod>
  <priority>0.64</priority>
</url>
<url>
  <loc>https://competent-swanson-7f8e04.netlify.com/curriculum/units/1985/2/</loc>
  <lastmod>2019-07-26T14:46:14+00:00</lastmod>
  <priority>0.64</priority>
</url>
<url>
  <loc>https://competent-swanson-7f8e04.netlify.com/curriculum/units/1985/3/</loc>
  <lastmod>2019-07-26T14:46:14+00:00</lastmod>
  <priority>0.64</priority>
</url>
<url>
  <loc>https://competent-swanson-7f8e04.netlify.com/curriculum/units/1985/4/</loc>
  <lastmod>2019-07-26T14:46:14+00:00</lastmod>
  <priority>0.64</priority>
</url>
<url>
  <loc>https://competent-swanson-7f8e04.netlify.com/curriculum/units/1985/5/</loc>
  <lastmod>2019-07-26T14:46:14+00:00</lastmod>
  <priority>0.64</priority>
</url>
<url>
  <loc>https://competent-swanson-7f8e04.netlify.com/curriculum/units/1985/6/</loc>
  <lastmod>2019-07-26T14:46:14+00:00</lastmod>
  <priority>0.64</priority>
</url>
<url>
  <loc>https://competent-swanson-7f8e04.netlify.com/curriculum/units/1985/7/</loc>
  <lastmod>2019-07-26T14:46:14+00:00</lastmod>
  <priority>0.64</priority>
</url>
<url>
  <loc>https://competent-swanson-7f8e04.netlify.com/curriculum/units/1985/8/</loc>
  <lastmod>2019-07-26T14:46:14+00:00</lastmod>
  <priority>0.64</priority>
</url>
<url>
  <loc>https://competent-swanson-7f8e04.netlify.com/curriculum/units/1984/1/</loc>
  <lastmod>2019-07-26T14:46:14+00:00</lastmod>
  <priority>0.64</priority>
</url>
<url>
  <loc>https://competent-swanson-7f8e04.netlify.com/curriculum/units/1984/2/</loc>
  <lastmod>2019-07-26T14:46:14+00:00</lastmod>
  <priority>0.64</priority>
</url>
<url>
  <loc>https://competent-swanson-7f8e04.netlify.com/curriculum/units/1984/3/</loc>
  <lastmod>2019-07-26T14:46:14+00:00</lastmod>
  <priority>0.64</priority>
</url>
<url>
  <loc>https://competent-swanson-7f8e04.netlify.com/curriculum/units/1984/4/</loc>
  <lastmod>2019-07-26T14:46:14+00:00</lastmod>
  <priority>0.64</priority>
</url>
<url>
  <loc>https://competent-swanson-7f8e04.netlify.com/curriculum/units/1984/5/</loc>
  <lastmod>2019-07-26T14:46:14+00:00</lastmod>
  <priority>0.64</priority>
</url>
<url>
  <loc>https://competent-swanson-7f8e04.netlify.com/curriculum/units/1984/6/</loc>
  <lastmod>2019-07-26T14:46:14+00:00</lastmod>
  <priority>0.64</priority>
</url>
<url>
  <loc>https://competent-swanson-7f8e04.netlify.com/curriculum/units/1983/1/</loc>
  <lastmod>2019-07-26T14:46:14+00:00</lastmod>
  <priority>0.64</priority>
</url>
<url>
  <loc>https://competent-swanson-7f8e04.netlify.com/curriculum/units/1983/2/</loc>
  <lastmod>2019-07-26T14:46:14+00:00</lastmod>
  <priority>0.64</priority>
</url>
<url>
  <loc>https://competent-swanson-7f8e04.netlify.com/curriculum/units/1983/3/</loc>
  <lastmod>2019-07-26T14:46:14+00:00</lastmod>
  <priority>0.64</priority>
</url>
<url>
  <loc>https://competent-swanson-7f8e04.netlify.com/curriculum/units/1983/4/</loc>
  <lastmod>2019-07-26T14:46:14+00:00</lastmod>
  <priority>0.64</priority>
</url>
<url>
  <loc>https://competent-swanson-7f8e04.netlify.com/curriculum/units/1983/5/</loc>
  <lastmod>2019-07-26T14:46:14+00:00</lastmod>
  <priority>0.64</priority>
</url>
<url>
  <loc>https://competent-swanson-7f8e04.netlify.com/curriculum/units/1983/6/</loc>
  <lastmod>2019-07-26T14:46:14+00:00</lastmod>
  <priority>0.64</priority>
</url>
<url>
  <loc>https://competent-swanson-7f8e04.netlify.com/curriculum/units/1983/7/</loc>
  <lastmod>2019-07-26T14:46:14+00:00</lastmod>
  <priority>0.64</priority>
</url>
<url>
  <loc>https://competent-swanson-7f8e04.netlify.com/curriculum/units/1982/1/</loc>
  <lastmod>2019-07-26T14:46:14+00:00</lastmod>
  <priority>0.64</priority>
</url>
<url>
  <loc>https://competent-swanson-7f8e04.netlify.com/curriculum/units/1982/2/</loc>
  <lastmod>2019-07-26T14:46:14+00:00</lastmod>
  <priority>0.64</priority>
</url>
<url>
  <loc>https://competent-swanson-7f8e04.netlify.com/curriculum/units/1982/3/</loc>
  <lastmod>2019-07-26T14:46:14+00:00</lastmod>
  <priority>0.64</priority>
</url>
<url>
  <loc>https://competent-swanson-7f8e04.netlify.com/curriculum/units/1982/4/</loc>
  <lastmod>2019-07-26T14:46:14+00:00</lastmod>
  <priority>0.64</priority>
</url>
<url>
  <loc>https://competent-swanson-7f8e04.netlify.com/curriculum/units/1982/5/</loc>
  <lastmod>2019-07-26T14:46:14+00:00</lastmod>
  <priority>0.64</priority>
</url>
<url>
  <loc>https://competent-swanson-7f8e04.netlify.com/curriculum/units/1982/6/</loc>
  <lastmod>2019-07-26T14:46:14+00:00</lastmod>
  <priority>0.64</priority>
</url>
<url>
  <loc>https://competent-swanson-7f8e04.netlify.com/curriculum/units/1982/7/</loc>
  <lastmod>2019-07-26T14:46:14+00:00</lastmod>
  <priority>0.64</priority>
</url>
<url>
  <loc>https://competent-swanson-7f8e04.netlify.com/curriculum/units/1981/1/</loc>
  <lastmod>2019-07-26T14:46:14+00:00</lastmod>
  <priority>0.64</priority>
</url>
<url>
  <loc>https://competent-swanson-7f8e04.netlify.com/curriculum/units/1981/2/</loc>
  <lastmod>2019-07-26T14:46:14+00:00</lastmod>
  <priority>0.64</priority>
</url>
<url>
  <loc>https://competent-swanson-7f8e04.netlify.com/curriculum/units/1981/3/</loc>
  <lastmod>2019-07-26T14:46:14+00:00</lastmod>
  <priority>0.64</priority>
</url>
<url>
  <loc>https://competent-swanson-7f8e04.netlify.com/curriculum/units/1981/4/</loc>
  <lastmod>2019-07-26T14:46:14+00:00</lastmod>
  <priority>0.64</priority>
</url>
<url>
  <loc>https://competent-swanson-7f8e04.netlify.com/curriculum/units/1981/5/</loc>
  <lastmod>2019-07-26T14:46:14+00:00</lastmod>
  <priority>0.64</priority>
</url>
<url>
  <loc>https://competent-swanson-7f8e04.netlify.com/curriculum/units/1981/6/</loc>
  <lastmod>2019-07-26T14:46:14+00:00</lastmod>
  <priority>0.64</priority>
</url>
<url>
  <loc>https://competent-swanson-7f8e04.netlify.com/curriculum/units/1980/1/</loc>
  <lastmod>2019-07-26T14:46:14+00:00</lastmod>
  <priority>0.64</priority>
</url>
<url>
  <loc>https://competent-swanson-7f8e04.netlify.com/curriculum/units/1980/2/</loc>
  <lastmod>2019-07-26T14:46:14+00:00</lastmod>
  <priority>0.64</priority>
</url>
<url>
  <loc>https://competent-swanson-7f8e04.netlify.com/curriculum/units/1980/3/</loc>
  <lastmod>2019-07-26T14:46:14+00:00</lastmod>
  <priority>0.64</priority>
</url>
<url>
  <loc>https://competent-swanson-7f8e04.netlify.com/curriculum/units/1980/4/</loc>
  <lastmod>2019-07-26T14:46:14+00:00</lastmod>
  <priority>0.64</priority>
</url>
<url>
  <loc>https://competent-swanson-7f8e04.netlify.com/curriculum/units/1980/5/</loc>
  <lastmod>2019-07-26T14:46:14+00:00</lastmod>
  <priority>0.64</priority>
</url>
<url>
  <loc>https://competent-swanson-7f8e04.netlify.com/curriculum/units/1980/6/</loc>
  <lastmod>2019-07-26T14:46:14+00:00</lastmod>
  <priority>0.64</priority>
</url>
<url>
  <loc>https://competent-swanson-7f8e04.netlify.com/curriculum/units/1980/7/</loc>
  <lastmod>2019-07-26T14:46:14+00:00</lastmod>
  <priority>0.64</priority>
</url>
<url>
  <loc>https://competent-swanson-7f8e04.netlify.com/curriculum/units/1979/1/</loc>
  <lastmod>2019-07-26T14:46:14+00:00</lastmod>
  <priority>0.64</priority>
</url>
<url>
  <loc>https://competent-swanson-7f8e04.netlify.com/curriculum/units/1979/2/</loc>
  <lastmod>2019-07-26T14:46:14+00:00</lastmod>
  <priority>0.64</priority>
</url>
<url>
  <loc>https://competent-swanson-7f8e04.netlify.com/curriculum/units/1979/3/</loc>
  <lastmod>2019-07-26T14:46:14+00:00</lastmod>
  <priority>0.64</priority>
</url>
<url>
  <loc>https://competent-swanson-7f8e04.netlify.com/curriculum/units/1979/4/</loc>
  <lastmod>2019-07-26T14:46:14+00:00</lastmod>
  <priority>0.64</priority>
</url>
<url>
  <loc>https://competent-swanson-7f8e04.netlify.com/curriculum/units/1979/5/</loc>
  <lastmod>2019-07-26T14:46:14+00:00</lastmod>
  <priority>0.64</priority>
</url>
<url>
  <loc>https://competent-swanson-7f8e04.netlify.com/curriculum/units/1979/6/</loc>
  <lastmod>2019-07-26T14:46:14+00:00</lastmod>
  <priority>0.64</priority>
</url>
<url>
  <loc>https://competent-swanson-7f8e04.netlify.com/curriculum/units/1978/1/</loc>
  <lastmod>2019-07-26T14:46:14+00:00</lastmod>
  <priority>0.64</priority>
</url>
<url>
  <loc>https://competent-swanson-7f8e04.netlify.com/curriculum/units/1978/2/</loc>
  <lastmod>2019-07-26T14:46:14+00:00</lastmod>
  <priority>0.64</priority>
</url>
<url>
  <loc>https://competent-swanson-7f8e04.netlify.com/curriculum/units/1978/3/</loc>
  <lastmod>2019-07-26T14:46:14+00:00</lastmod>
  <priority>0.64</priority>
</url>
<url>
  <loc>https://competent-swanson-7f8e04.netlify.com/curriculum/units/1978/4/</loc>
  <lastmod>2019-07-26T14:46:14+00:00</lastmod>
  <priority>0.64</priority>
</url>
<url>
  <loc>https://competent-swanson-7f8e04.netlify.com/curriculum/referencelists/elementary/</loc>
  <lastmod>2019-07-26T14:46:14+00:00</lastmod>
  <priority>0.64</priority>
</url>
<url>
  <loc>https://competent-swanson-7f8e04.netlify.com/curriculum/referencelists/high/</loc>
  <lastmod>2019-07-26T14:46:14+00:00</lastmod>
  <priority>0.64</priority>
</url>
<url>
  <loc>https://competent-swanson-7f8e04.netlify.com/curriculum/referencelists/diversity/</loc>
  <lastmod>2019-07-26T14:46:14+00:00</lastmod>
  <priority>0.64</priority>
</url>
<url>
  <loc>https://competent-swanson-7f8e04.netlify.com/brochures/d6/</loc>
  <lastmod>2019-07-26T14:46:14+00:00</lastmod>
  <priority>0.64</priority>
</url>
<url>
  <loc>https://competent-swanson-7f8e04.netlify.com/pdfs/ar/ar2009-full.pdf</loc>
  <lastmod>2019-07-26T14:46:14+00:00</lastmod>
  <priority>0.64</priority>
</url>
<url>
  <loc>https://competent-swanson-7f8e04.netlify.com/pdfs/ar/ar2008-full.pdf</loc>
  <lastmod>2019-07-26T14:46:14+00:00</lastmod>
  <priority>0.64</priority>
</url>
<url>
  <loc>https://competent-swanson-7f8e04.netlify.com/pdfs/ar/ar2007-full.pdf</loc>
  <lastmod>2019-07-26T14:46:14+00:00</lastmod>
  <priority>0.64</priority>
</url>
<url>
  <loc>https://competent-swanson-7f8e04.netlify.com/brochures/a3/2006/</loc>
  <lastmod>2019-07-26T14:46:14+00:00</lastmod>
  <priority>0.64</priority>
</url>
<url>
  <loc>https://competent-swanson-7f8e04.netlify.com/pdfs/ar/ar2004-full.pdf</loc>
  <lastmod>2019-07-26T14:46:14+00:00</lastmod>
  <priority>0.64</priority>
</url>
<url>
  <loc>https://competent-swanson-7f8e04.netlify.com/brochures/a3/2003/</loc>
  <lastmod>2019-07-26T14:46:14+00:00</lastmod>
  <priority>0.64</priority>
</url>
<url>
  <loc>https://competent-swanson-7f8e04.netlify.com/brochures/a3/2002/</loc>
  <lastmod>2019-07-26T14:46:14+00:00</lastmod>
  <priority>0.64</priority>
</url>
<url>
  <loc>https://competent-swanson-7f8e04.netlify.com/brochures/a3/2001/</loc>
  <lastmod>2019-07-26T14:46:14+00:00</lastmod>
  <priority>0.64</priority>
</url>
<url>
  <loc>https://competent-swanson-7f8e04.netlify.com/brochures/a3/2000/</loc>
  <lastmod>2019-07-26T14:46:14+00:00</lastmod>
  <priority>0.64</priority>
</url>
<url>
  <loc>https://competent-swanson-7f8e04.netlify.com/brochures/a3/1999/</loc>
  <lastmod>2019-07-26T14:46:14+00:00</lastmod>
  <priority>0.64</priority>
</url>
<url>
  <loc>https://competent-swanson-7f8e04.netlify.com/brochures/a3/1998/</loc>
  <lastmod>2019-07-26T14:46:14+00:00</lastmod>
  <priority>0.64</priority>
</url>
<url>
  <loc>https://competent-swanson-7f8e04.netlify.com/pdfs/ar/ar1997.pdf</loc>
  <lastmod>2019-07-26T14:46:14+00:00</lastmod>
  <priority>0.64</priority>
</url>
<url>
  <loc>https://competent-swanson-7f8e04.netlify.com/brochures/a3/1996/</loc>
  <lastmod>2019-07-26T14:46:14+00:00</lastmod>
  <priority>0.64</priority>
</url>
<url>
  <loc>https://competent-swanson-7f8e04.netlify.com/ndp/ndp1999</loc>
  <lastmod>2019-07-26T14:46:14+00:00</lastmod>
  <priority>0.64</priority>
</url>
<url>
  <loc>https://competent-swanson-7f8e04.netlify.com/ndp/ndp</loc>
  <lastmod>2019-07-26T14:46:14+00:00</lastmod>
  <priority>0.64</priority>
</url>
<url>
  <loc>https://competent-swanson-7f8e04.netlify.com/pdfs/ocg/ocg16.pdf</loc>
  <lastmod>2019-07-26T14:46:14+00:00</lastmod>
  <priority>0.64</priority>
</url>
<url>
  <loc>https://competent-swanson-7f8e04.netlify.com/pdfs/ocg/ocg15.pdf</loc>
  <lastmod>2019-07-26T14:46:14+00:00</lastmod>
  <priority>0.64</priority>
</url>
<url>
  <loc>https://competent-swanson-7f8e04.netlify.com/pdfs/ocg/ocg14.pdf</loc>
  <lastmod>2019-07-26T14:46:14+00:00</lastmod>
  <priority>0.64</priority>
</url>
<url>
  <loc>https://competent-swanson-7f8e04.netlify.com/pdfs/ocg/ocg13.pdf</loc>
  <lastmod>2019-07-26T14:46:14+00:00</lastmod>
  <priority>0.64</priority>
</url>
<url>
  <loc>https://competent-swanson-7f8e04.netlify.com/pdfs/ocg/ocg12.pdf</loc>
  <lastmod>2019-07-26T14:46:14+00:00</lastmod>
  <priority>0.64</priority>
</url>
<url>
  <loc>https://competent-swanson-7f8e04.netlify.com/pdfs/ocg/ocg11.pdf</loc>
  <lastmod>2019-07-26T14:46:14+00:00</lastmod>
  <priority>0.64</priority>
</url>
<url>
  <loc>https://competent-swanson-7f8e04.netlify.com/pdfs/ocg/ocg10.pdf</loc>
  <lastmod>2019-07-26T14:46:14+00:00</lastmod>
  <priority>0.64</priority>
</url>
<url>
  <loc>https://competent-swanson-7f8e04.netlify.com/pubs/a22/</loc>
  <lastmod>2019-07-26T14:46:14+00:00</lastmod>
  <priority>0.64</priority>
</url>
<url>
  <loc>https://competent-swanson-7f8e04.netlify.com/pubs/a21/</loc>
  <lastmod>2019-07-26T14:46:14+00:00</lastmod>
  <priority>0.64</priority>
</url>
<url>
  <loc>https://competent-swanson-7f8e04.netlify.com/pubs/a20/</loc>
  <lastmod>2019-07-26T14:46:14+00:00</lastmod>
  <priority>0.64</priority>
</url>
<url>
  <loc>https://competent-swanson-7f8e04.netlify.com/pubs/a19/</loc>
  <lastmod>2019-07-26T14:46:14+00:00</lastmod>
  <priority>0.64</priority>
</url>
<url>
  <loc>https://competent-swanson-7f8e04.netlify.com/pubs/a18/</loc>
  <lastmod>2019-07-26T14:46:14+00:00</lastmod>
  <priority>0.64</priority>
</url>
<url>
  <loc>https://competent-swanson-7f8e04.netlify.com/pubs/a17/</loc>
  <lastmod>2019-07-26T14:46:14+00:00</lastmod>
  <priority>0.64</priority>
</url>
<url>
  <loc>https://competent-swanson-7f8e04.netlify.com/pubs/a16/</loc>
  <lastmod>2019-07-26T14:46:14+00:00</lastmod>
  <priority>0.64</priority>
</url>
<url>
  <loc>https://competent-swanson-7f8e04.netlify.com/pubs/a15/</loc>
  <lastmod>2019-07-26T14:46:14+00:00</lastmod>
  <priority>0.64</priority>
</url>
<url>
  <loc>https://competent-swanson-7f8e04.netlify.com/pubs/a14/</loc>
  <lastmod>2019-07-26T14:46:14+00:00</lastmod>
  <priority>0.64</priority>
</url>
<url>
  <loc>https://competent-swanson-7f8e04.netlify.com/pubs/a4/</loc>
  <lastmod>2019-07-26T14:46:14+00:00</lastmod>
  <priority>0.64</priority>
</url>
<url>
  <loc>https://competent-swanson-7f8e04.netlify.com/pubs/a5/</loc>
  <lastmod>2019-07-26T14:46:14+00:00</lastmod>
  <priority>0.64</priority>
</url>
<url>
  <loc>https://competent-swanson-7f8e04.netlify.com/brochures/centermanual/ticenters</loc>
  <lastmod>2019-07-26T14:46:14+00:00</lastmod>
  <priority>0.64</priority>
</url>
<url>
  <loc>https://competent-swanson-7f8e04.netlify.com/brochures/centermanual/centerpolicies</loc>
  <lastmod>2019-07-26T14:46:14+00:00</lastmod>
  <priority>0.64</priority>
</url>
<url>
  <loc>https://competent-swanson-7f8e04.netlify.com/brochures/centermanual/centersites</loc>
  <lastmod>2019-07-26T14:46:14+00:00</lastmod>
  <priority>0.64</priority>
</url>
<url>
  <loc>https://competent-swanson-7f8e04.netlify.com/brochures/centermanual/instituteresources</loc>
  <lastmod>2019-07-26T14:46:14+00:00</lastmod>
  <priority>0.64</priority>
</url>
<url>
  <loc>https://competent-swanson-7f8e04.netlify.com/brochures/centermanual/electronicresources</loc>
  <lastmod>2019-07-26T14:46:14+00:00</lastmod>
  <priority>0.64</priority>
</url>
<url>
  <loc>https://competent-swanson-7f8e04.netlify.com/transcripts/25thtranscript</loc>
  <lastmod>2019-07-26T14:46:14+00:00</lastmod>
  <priority>0.64</priority>
</url>
<url>
  <loc>https://competent-swanson-7f8e04.netlify.com/transcripts/c16</loc>
  <lastmod>2019-07-26T14:46:14+00:00</lastmod>
  <priority>0.64</priority>
</url>
<url>
  <loc>https://competent-swanson-7f8e04.netlify.com/transcripts/f14a</loc>
  <lastmod>2019-07-26T14:46:14+00:00</lastmod>
  <priority>0.64</priority>
</url>
<url>
  <loc>https://competent-swanson-7f8e04.netlify.com/transcripts/f13</loc>
  <lastmod>2019-07-26T14:46:14+00:00</lastmod>
  <priority>0.64</priority>
</url>
<url>
  <loc>https://competent-swanson-7f8e04.netlify.com/transcripts/f11</loc>
  <lastmod>2019-07-26T14:46:14+00:00</lastmod>
  <priority>0.64</priority>
</url>
<url>
  <loc>https://competent-swanson-7f8e04.netlify.com/transcripts/c2</loc>
  <lastmod>2019-07-26T14:46:14+00:00</lastmod>
  <priority>0.64</priority>
</url>
<url>
  <loc>https://competent-swanson-7f8e04.netlify.com/transcripts/f6</loc>
  <lastmod>2019-07-26T14:46:14+00:00</lastmod>
  <priority>0.64</priority>
</url>
<url>
  <loc>https://competent-swanson-7f8e04.netlify.com/transcripts/f4</loc>
  <lastmod>2019-07-26T14:46:14+00:00</lastmod>
  <priority>0.64</priority>
</url>
<url>
  <loc>https://competent-swanson-7f8e04.netlify.com/transcripts/f5</loc>
  <lastmod>2019-07-26T14:46:14+00:00</lastmod>
  <priority>0.64</priority>
</url>
<url>
  <loc>https://competent-swanson-7f8e04.netlify.com/brochures/a2</loc>
  <lastmod>2019-07-26T14:46:14+00:00</lastmod>
  <priority>0.64</priority>
</url>
<url>
  <loc>https://competent-swanson-7f8e04.netlify.com/transcripts/f16</loc>
  <lastmod>2019-07-26T14:46:14+00:00</lastmod>
  <priority>0.64</priority>
</url>
<url>
  <loc>https://competent-swanson-7f8e04.netlify.com/transcripts/f7</loc>
  <lastmod>2019-07-26T14:46:14+00:00</lastmod>
  <priority>0.64</priority>
</url>
<url>
  <loc>https://competent-swanson-7f8e04.netlify.com/transcripts/f3</loc>
  <lastmod>2019-07-26T14:46:14+00:00</lastmod>
  <priority>0.64</priority>
</url>
<url>
  <loc>https://competent-swanson-7f8e04.netlify.com/transcripts/f1</loc>
  <lastmod>2019-07-26T14:46:14+00:00</lastmod>
  <priority>0.64</priority>
</url>
<url>
  <loc>https://competent-swanson-7f8e04.netlify.com/brochures/a6</loc>
  <lastmod>2019-07-26T14:46:14+00:00</lastmod>
  <priority>0.64</priority>
</url>
<url>
  <loc>https://competent-swanson-7f8e04.netlify.com/pdfs/gov/S1240.pdf</loc>
  <lastmod>2019-07-26T14:46:14+00:00</lastmod>
  <priority>0.64</priority>
</url>
<url>
  <loc>https://competent-swanson-7f8e04.netlify.com/pdfs/gov/HR2255.pdf</loc>
  <lastmod>2019-07-26T14:46:14+00:00</lastmod>
  <priority>0.64</priority>
</url>
<url>
  <loc>https://competent-swanson-7f8e04.netlify.com/articles/c1</loc>
  <lastmod>2019-07-26T14:46:14+00:00</lastmod>
  <priority>0.64</priority>
</url>
<url>
  <loc>https://competent-swanson-7f8e04.netlify.com/articles/c7</loc>
  <lastmod>2019-07-26T14:46:14+00:00</lastmod>
  <priority>0.64</priority>
</url>
<url>
  <loc>https://competent-swanson-7f8e04.netlify.com/articles/t1</loc>
  <lastmod>2019-07-26T14:46:14+00:00</lastmod>
  <priority>0.64</priority>
</url>
<url>
  <loc>https://competent-swanson-7f8e04.netlify.com/articles/c6</loc>
  <lastmod>2019-07-26T14:46:14+00:00</lastmod>
  <priority>0.64</priority>
</url>
<url>
  <loc>https://competent-swanson-7f8e04.netlify.com/articles/c8</loc>
  <lastmod>2019-07-26T14:46:14+00:00</lastmod>
  <priority>0.64</priority>
</url>
<url>
  <loc>https://competent-swanson-7f8e04.netlify.com/transcripts/f14d</loc>
  <lastmod>2019-07-26T14:46:14+00:00</lastmod>
  <priority>0.64</priority>
</url>
<url>
  <loc>https://competent-swanson-7f8e04.netlify.com/transcripts/f12</loc>
  <lastmod>2019-07-26T14:46:14+00:00</lastmod>
  <priority>0.64</priority>
</url>
<url>
  <loc>https://competent-swanson-7f8e04.netlify.com/curriculum/guides/1983/6/83.06.02.x</loc>
  <lastmod>2019-07-26T14:46:14+00:00</lastmod>
  <priority>0.51</priority>
</url>
<url>
  <loc>https://competent-swanson-7f8e04.netlify.com/curriculum/guides/1989/7/89.07.02.x</loc>
  <lastmod>2019-07-26T14:46:14+00:00</lastmod>
  <priority>0.51</priority>
</url>
<url>
  <loc>https://competent-swanson-7f8e04.netlify.com/curriculum/guides/2000/5/00.05.10.x</loc>
  <lastmod>2019-07-26T14:46:14+00:00</lastmod>
  <priority>0.51</priority>
</url>
<url>
  <loc>https://competent-swanson-7f8e04.netlify.com/curriculum/guides/2000/5/00.05.08.x</loc>
  <lastmod>2019-07-26T14:46:14+00:00</lastmod>
  <priority>0.51</priority>
</url>
<url>
  <loc>https://competent-swanson-7f8e04.netlify.com/curriculum/guides/1996/3/96.03.13.x</loc>
  <lastmod>2019-07-26T14:46:14+00:00</lastmod>
  <priority>0.51</priority>
</url>
<url>
  <loc>https://competent-swanson-7f8e04.netlify.com/curriculum/guides/1983/5/83.05.05.x</loc>
  <lastmod>2019-07-26T14:46:14+00:00</lastmod>
  <priority>0.51</priority>
</url>
<url>
  <loc>https://competent-swanson-7f8e04.netlify.com/curriculum/guides/1983/5/83.05.07.x</loc>
  <lastmod>2019-07-26T14:46:14+00:00</lastmod>
  <priority>0.51</priority>
</url>
<url>
  <loc>https://competent-swanson-7f8e04.netlify.com/curriculum/guides/1990/2/90.02.04.x</loc>
  <lastmod>2019-07-26T14:46:14+00:00</lastmod>
  <priority>0.51</priority>
</url>
<url>
  <loc>https://competent-swanson-7f8e04.netlify.com/curriculum/guides/1995/2/95.02.09.x</loc>
  <lastmod>2019-07-26T14:46:14+00:00</lastmod>
  <priority>0.51</priority>
</url>
<url>
  <loc>https://competent-swanson-7f8e04.netlify.com/curriculum/guides/2002/4/02.04.08.x</loc>
  <lastmod>2019-07-26T14:46:14+00:00</lastmod>
  <priority>0.51</priority>
</url>
<url>
  <loc>https://competent-swanson-7f8e04.netlify.com/curriculum/guides/1994/2/94.02.04.x</loc>
  <lastmod>2019-07-26T14:46:14+00:00</lastmod>
  <priority>0.51</priority>
</url>
<url>
  <loc>https://competent-swanson-7f8e04.netlify.com/curriculum/guides/1998/4/98.04.02.x</loc>
  <lastmod>2019-07-26T14:46:14+00:00</lastmod>
  <priority>0.51</priority>
</url>
<url>
  <loc>https://competent-swanson-7f8e04.netlify.com/curriculum/guides/2001/2/01.02.06.x</loc>
  <lastmod>2019-07-26T14:46:14+00:00</lastmod>
  <priority>0.51</priority>
</url>
<url>
  <loc>https://competent-swanson-7f8e04.netlify.com/curriculum/guides/2002/4/02.04.03.x</loc>
  <lastmod>2019-07-26T14:46:14+00:00</lastmod>
  <priority>0.51</priority>
</url>
<url>
  <loc>https://competent-swanson-7f8e04.netlify.com/curriculum/guides/1991/3/91.03.03.x</loc>
  <lastmod>2019-07-26T14:46:14+00:00</lastmod>
  <priority>0.51</priority>
</url>
<url>
  <loc>https://competent-swanson-7f8e04.netlify.com/curriculum/guides/1991/5/91.05.04.x</loc>
  <lastmod>2019-07-26T14:46:14+00:00</lastmod>
  <priority>0.51</priority>
</url>
<url>
  <loc>https://competent-swanson-7f8e04.netlify.com/curriculum/guides/1991/5/91.05.07.x</loc>
  <lastmod>2019-07-26T14:46:14+00:00</lastmod>
  <priority>0.51</priority>
</url>
<url>
  <loc>https://competent-swanson-7f8e04.netlify.com/curriculum/guides/2001/6/01.06.02.x</loc>
  <lastmod>2019-07-26T14:46:14+00:00</lastmod>
  <priority>0.51</priority>
</url>
<url>
  <loc>https://competent-swanson-7f8e04.netlify.com/curriculum/guides/2001/6/01.06.11.x</loc>
  <lastmod>2019-07-26T14:46:14+00:00</lastmod>
  <priority>0.51</priority>
</url>
<url>
  <loc>https://competent-swanson-7f8e04.netlify.com/curriculum/guides/1984/5/84.05.02.x</loc>
  <lastmod>2019-07-26T14:46:14+00:00</lastmod>
  <priority>0.51</priority>
</url>
<url>
  <loc>https://competent-swanson-7f8e04.netlify.com/curriculum/guides/1985/6/85.06.03.x</loc>
  <lastmod>2019-07-26T14:46:14+00:00</lastmod>
  <priority>0.51</priority>
</url>
<url>
  <loc>https://competent-swanson-7f8e04.netlify.com/curriculum/guides/1986/4/86.04.06.x</loc>
  <lastmod>2019-07-26T14:46:14+00:00</lastmod>
  <priority>0.51</priority>
</url>
<url>
  <loc>https://competent-swanson-7f8e04.netlify.com/curriculum/guides/1985/8/85.08.08.x</loc>
  <lastmod>2019-07-26T14:46:14+00:00</lastmod>
  <priority>0.51</priority>
</url>
<url>
  <loc>https://competent-swanson-7f8e04.netlify.com/curriculum/guides/1986/5/86.05.01.x</loc>
  <lastmod>2019-07-26T14:46:14+00:00</lastmod>
  <priority>0.51</priority>
</url>
<url>
  <loc>https://competent-swanson-7f8e04.netlify.com/curriculum/guides/1991/2/91.02.04.x</loc>
  <lastmod>2019-07-26T14:46:14+00:00</lastmod>
  <priority>0.51</priority>
</url>
<url>
  <loc>https://competent-swanson-7f8e04.netlify.com/curriculum/guides/2007/1/07.01.06.x</loc>
  <lastmod>2019-07-26T14:46:14+00:00</lastmod>
  <priority>0.51</priority>
</url>
<url>
  <loc>https://competent-swanson-7f8e04.netlify.com/curriculum/guides/1989/4/89.04.10.x</loc>
  <lastmod>2019-07-26T14:46:14+00:00</lastmod>
  <priority>0.51</priority>
</url>
<url>
  <loc>https://competent-swanson-7f8e04.netlify.com/curriculum/guides/2001/1/01.01.05.x</loc>
  <lastmod>2019-07-26T14:46:14+00:00</lastmod>
  <priority>0.51</priority>
</url>
<url>
  <loc>https://competent-swanson-7f8e04.netlify.com/curriculum/guides/1984/5/84.05.08.x</loc>
  <lastmod>2019-07-26T14:46:14+00:00</lastmod>
  <priority>0.51</priority>
</url>
<url>
  <loc>https://competent-swanson-7f8e04.netlify.com/curriculum/guides/1996/3/96.03.12.x</loc>
  <lastmod>2019-07-26T14:46:14+00:00</lastmod>
  <priority>0.51</priority>
</url>
<url>
  <loc>https://competent-swanson-7f8e04.netlify.com/curriculum/guides/1987/4/87.04.01.x</loc>
  <lastmod>2019-07-26T14:46:14+00:00</lastmod>
  <priority>0.51</priority>
</url>
<url>
  <loc>https://competent-swanson-7f8e04.netlify.com/curriculum/guides/1992/4/92.04.08.x</loc>
  <lastmod>2019-07-26T14:46:14+00:00</lastmod>
  <priority>0.51</priority>
</url>
<url>
  <loc>https://competent-swanson-7f8e04.netlify.com/curriculum/guides/1983/4/83.04.04.x</loc>
  <lastmod>2019-07-26T14:46:14+00:00</lastmod>
  <priority>0.51</priority>
</url>
<url>
  <loc>https://competent-swanson-7f8e04.netlify.com/curriculum/guides/1996/3/96.03.10.x</loc>
  <lastmod>2019-07-26T14:46:14+00:00</lastmod>
  <priority>0.51</priority>
</url>
<url>
  <loc>https://competent-swanson-7f8e04.netlify.com/curriculum/guides/2001/6/01.06.01.x</loc>
  <lastmod>2019-07-26T14:46:14+00:00</lastmod>
  <priority>0.51</priority>
</url>
<url>
  <loc>https://competent-swanson-7f8e04.netlify.com/curriculum/guides/2002/1/02.01.09.x</loc>
  <lastmod>2019-07-26T14:46:14+00:00</lastmod>
  <priority>0.51</priority>
</url>
<url>
  <loc>https://competent-swanson-7f8e04.netlify.com/curriculum/guides/2004/3/04.03.05.x</loc>
  <lastmod>2019-07-26T14:46:14+00:00</lastmod>
  <priority>0.51</priority>
</url>
<url>
  <loc>https://competent-swanson-7f8e04.netlify.com/curriculum/guides/2005/2/05.02.02.x</loc>
  <lastmod>2019-07-26T14:46:14+00:00</lastmod>
  <priority>0.51</priority>
</url>
<url>
  <loc>https://competent-swanson-7f8e04.netlify.com/curriculum/guides/2014/2/14.02.04.x</loc>
  <lastmod>2019-07-26T14:46:14+00:00</lastmod>
  <priority>0.51</priority>
</url>
<url>
  <loc>https://competent-swanson-7f8e04.netlify.com/curriculum/guides/2014/2/14.02.06.x</loc>
  <lastmod>2019-07-26T14:46:14+00:00</lastmod>
  <priority>0.51</priority>
</url>
<url>
  <loc>https://competent-swanson-7f8e04.netlify.com/curriculum/guides/2014/2/14.02.10.x</loc>
  <lastmod>2019-07-26T14:46:14+00:00</lastmod>
  <priority>0.51</priority>
</url>
<url>
  <loc>https://competent-swanson-7f8e04.netlify.com/curriculum/guides/2001/4/01.04.08.x</loc>
  <lastmod>2019-07-26T14:46:14+00:00</lastmod>
  <priority>0.51</priority>
</url>
<url>
  <loc>https://competent-swanson-7f8e04.netlify.com/curriculum/guides/1984/5/84.05.01.x</loc>
  <lastmod>2019-07-26T14:46:14+00:00</lastmod>
  <priority>0.51</priority>
</url>
<url>
  <loc>https://competent-swanson-7f8e04.netlify.com/curriculum/guides/1986/1/86.01.01.x</loc>
  <lastmod>2019-07-26T14:46:14+00:00</lastmod>
  <priority>0.51</priority>
</url>
<url>
  <loc>https://competent-swanson-7f8e04.netlify.com/curriculum/guides/1986/1/86.01.07.x</loc>
  <lastmod>2019-07-26T14:46:14+00:00</lastmod>
  <priority>0.51</priority>
</url>
<url>
  <loc>https://competent-swanson-7f8e04.netlify.com/curriculum/guides/1992/4/92.04.04.x</loc>
  <lastmod>2019-07-26T14:46:14+00:00</lastmod>
  <priority>0.51</priority>
</url>
<url>
  <loc>https://competent-swanson-7f8e04.netlify.com/curriculum/guides/1999/1/99.01.08.x</loc>
  <lastmod>2019-07-26T14:46:14+00:00</lastmod>
  <priority>0.51</priority>
</url>
<url>
  <loc>https://competent-swanson-7f8e04.netlify.com/curriculum/guides/2008/2/08.02.04.x</loc>
  <lastmod>2019-07-26T14:46:14+00:00</lastmod>
  <priority>0.51</priority>
</url>
<url>
  <loc>https://competent-swanson-7f8e04.netlify.com/curriculum/guides/2002/3/02.03.01.x</loc>
  <lastmod>2019-07-26T14:46:14+00:00</lastmod>
  <priority>0.51</priority>
</url>
<url>
  <loc>https://competent-swanson-7f8e04.netlify.com/curriculum/guides/1984/5/84.05.04.x</loc>
  <lastmod>2019-07-26T14:46:14+00:00</lastmod>
  <priority>0.51</priority>
</url>
<url>
  <loc>https://competent-swanson-7f8e04.netlify.com/curriculum/guides/1984/5/84.05.05.x</loc>
  <lastmod>2019-07-26T14:46:14+00:00</lastmod>
  <priority>0.51</priority>
</url>
<url>
  <loc>https://competent-swanson-7f8e04.netlify.com/curriculum/guides/1991/5/91.05.05.x</loc>
  <lastmod>2019-07-26T14:46:14+00:00</lastmod>
  <priority>0.51</priority>
</url>
<url>
  <loc>https://competent-swanson-7f8e04.netlify.com/curriculum/guides/1991/5/91.05.08.x</loc>
  <lastmod>2019-07-26T14:46:14+00:00</lastmod>
  <priority>0.51</priority>
</url>
<url>
  <loc>https://competent-swanson-7f8e04.netlify.com/curriculum/guides/1991/5/91.05.09.x</loc>
  <lastmod>2019-07-26T14:46:14+00:00</lastmod>
  <priority>0.51</priority>
</url>
<url>
  <loc>https://competent-swanson-7f8e04.netlify.com/curriculum/guides/2002/5/02.05.03.x</loc>
  <lastmod>2019-07-26T14:46:14+00:00</lastmod>
  <priority>0.51</priority>
</url>
<url>
  <loc>https://competent-swanson-7f8e04.netlify.com/curriculum/guides/2002/5/02.05.05.x</loc>
  <lastmod>2019-07-26T14:46:14+00:00</lastmod>
  <priority>0.51</priority>
</url>
<url>
  <loc>https://competent-swanson-7f8e04.netlify.com/curriculum/guides/2002/5/02.05.10.x</loc>
  <lastmod>2019-07-26T14:46:14+00:00</lastmod>
  <priority>0.51</priority>
</url>
<url>
  <loc>https://competent-swanson-7f8e04.netlify.com/curriculum/guides/2001/6/01.06.03.x</loc>
  <lastmod>2019-07-26T14:46:14+00:00</lastmod>
  <priority>0.51</priority>
</url>
<url>
  <loc>https://competent-swanson-7f8e04.netlify.com/curriculum/guides/1984/5/84.05.06.x</loc>
  <lastmod>2019-07-26T14:46:14+00:00</lastmod>
  <priority>0.51</priority>
</url>
<url>
  <loc>https://competent-swanson-7f8e04.netlify.com/curriculum/guides/1984/5/84.05.07.x</loc>
  <lastmod>2019-07-26T14:46:14+00:00</lastmod>
  <priority>0.51</priority>
</url>
<url>
  <loc>https://competent-swanson-7f8e04.netlify.com/curriculum/guides/2010/2/10.02.07.x</loc>
  <lastmod>2019-07-26T14:46:14+00:00</lastmod>
  <priority>0.51</priority>
</url>
<url>
  <loc>https://competent-swanson-7f8e04.netlify.com/curriculum/guides/1983/6/83.06.04.x</loc>
  <lastmod>2019-07-26T14:46:14+00:00</lastmod>
  <priority>0.51</priority>
</url>
<url>
  <loc>https://competent-swanson-7f8e04.netlify.com/curriculum/guides/1991/5/91.05.01.x</loc>
  <lastmod>2019-07-26T14:46:14+00:00</lastmod>
  <priority>0.51</priority>
</url>
<url>
  <loc>https://competent-swanson-7f8e04.netlify.com/curriculum/guides/1991/5/91.05.06.x</loc>
  <lastmod>2019-07-26T14:46:14+00:00</lastmod>
  <priority>0.51</priority>
</url>
<url>
  <loc>https://competent-swanson-7f8e04.netlify.com/curriculum/guides/1997/4/97.04.05.x</loc>
  <lastmod>2019-07-26T14:46:14+00:00</lastmod>
  <priority>0.51</priority>
</url>
<url>
  <loc>https://competent-swanson-7f8e04.netlify.com/curriculum/guides/1998/7/98.07.05.x</loc>
  <lastmod>2019-07-26T14:46:14+00:00</lastmod>
  <priority>0.51</priority>
</url>
<url>
  <loc>https://competent-swanson-7f8e04.netlify.com/curriculum/guides/2002/4/02.04.05.x</loc>
  <lastmod>2019-07-26T14:46:14+00:00</lastmod>
  <priority>0.51</priority>
</url>
<url>
  <loc>https://competent-swanson-7f8e04.netlify.com/curriculum/guides/1984/5/84.05.03.x</loc>
  <lastmod>2019-07-26T14:46:14+00:00</lastmod>
  <priority>0.51</priority>
</url>
<url>
  <loc>https://competent-swanson-7f8e04.netlify.com/curriculum/guides/1985/8/85.08.06.x</loc>
  <lastmod>2019-07-26T14:46:14+00:00</lastmod>
  <priority>0.51</priority>
</url>
<url>
  <loc>https://competent-swanson-7f8e04.netlify.com/curriculum/guides/1983/3/83.03.02.x</loc>
  <lastmod>2019-07-26T14:46:14+00:00</lastmod>
  <priority>0.51</priority>
</url>
<url>
  <loc>https://competent-swanson-7f8e04.netlify.com/curriculum/guides/1983/3/83.03.03.x</loc>
  <lastmod>2019-07-26T14:46:14+00:00</lastmod>
  <priority>0.51</priority>
</url>
<url>
  <loc>https://competent-swanson-7f8e04.netlify.com/curriculum/guides/1988/4/88.04.02.x</loc>
  <lastmod>2019-07-26T14:46:14+00:00</lastmod>
  <priority>0.51</priority>
</url>
<url>
  <loc>https://competent-swanson-7f8e04.netlify.com/curriculum/guides/1999/6/99.06.02.x</loc>
  <lastmod>2019-07-26T14:46:14+00:00</lastmod>
  <priority>0.51</priority>
</url>
<url>
  <loc>https://competent-swanson-7f8e04.netlify.com/curriculum/guides/1995/3/95.03.06.x</loc>
  <lastmod>2019-07-26T14:46:14+00:00</lastmod>
  <priority>0.51</priority>
</url>
<url>
  <loc>https://competent-swanson-7f8e04.netlify.com/curriculum/guides/1982/6/82.06.07.x</loc>
  <lastmod>2019-07-26T14:46:14+00:00</lastmod>
  <priority>0.51</priority>
</url>
<url>
  <loc>https://competent-swanson-7f8e04.netlify.com/curriculum/guides/1990/4/90.04.03.x</loc>
  <lastmod>2019-07-26T14:46:14+00:00</lastmod>
  <priority>0.51</priority>
</url>
<url>
  <loc>https://competent-swanson-7f8e04.netlify.com/curriculum/guides/1990/5/90.05.06.x</loc>
  <lastmod>2019-07-26T14:46:14+00:00</lastmod>
  <priority>0.51</priority>
</url>
<url>
  <loc>https://competent-swanson-7f8e04.netlify.com/curriculum/guides/1991/5/91.05.03.x</loc>
  <lastmod>2019-07-26T14:46:14+00:00</lastmod>
  <priority>0.51</priority>
</url>
<url>
  <loc>https://competent-swanson-7f8e04.netlify.com/curriculum/guides/2014/1/14.01.03.x</loc>
  <lastmod>2019-07-26T14:46:14+00:00</lastmod>
  <priority>0.51</priority>
</url>
<url>
  <loc>https://competent-swanson-7f8e04.netlify.com/curriculum/guides/1982/6/82.06.05.x</loc>
  <lastmod>2019-07-26T14:46:14+00:00</lastmod>
  <priority>0.51</priority>
</url>
<url>
  <loc>https://competent-swanson-7f8e04.netlify.com/curriculum/guides/2009/4/09.04.03.x</loc>
  <lastmod>2019-07-26T14:46:14+00:00</lastmod>
  <priority>0.51</priority>
</url>
<url>
  <loc>https://competent-swanson-7f8e04.netlify.com/curriculum/guides/1994/1/94.01.04.x</loc>
  <lastmod>2019-07-26T14:46:14+00:00</lastmod>
  <priority>0.51</priority>
</url>
<url>
  <loc>https://competent-swanson-7f8e04.netlify.com/curriculum/guides/1997/5/97.05.06.x</loc>
  <lastmod>2019-07-26T14:46:14+00:00</lastmod>
  <priority>0.51</priority>
</url>
<url>
  <loc>https://competent-swanson-7f8e04.netlify.com/curriculum/guides/2002/1/02.01.08.x</loc>
  <lastmod>2019-07-26T14:46:14+00:00</lastmod>
  <priority>0.51</priority>
</url>
<url>
  <loc>https://competent-swanson-7f8e04.netlify.com/curriculum/guides/1995/3/95.03.08.x</loc>
  <lastmod>2019-07-26T14:46:14+00:00</lastmod>
  <priority>0.51</priority>
</url>
<url>
  <loc>https://competent-swanson-7f8e04.netlify.com/curriculum/guides/1984/3/84.03.05.x</loc>
  <lastmod>2019-07-26T14:46:14+00:00</lastmod>
  <priority>0.51</priority>
</url>
<url>
  <loc>https://competent-swanson-7f8e04.netlify.com/curriculum/guides/1988/5/88.05.02.x</loc>
  <lastmod>2019-07-26T14:46:14+00:00</lastmod>
  <priority>0.51</priority>
</url>
<url>
  <loc>https://competent-swanson-7f8e04.netlify.com/curriculum/guides/1985/8/85.08.03.x</loc>
  <lastmod>2019-07-26T14:46:14+00:00</lastmod>
  <priority>0.51</priority>
</url>
<url>
  <loc>https://competent-swanson-7f8e04.netlify.com/curriculum/guides/2000/2/00.02.07.x</loc>
  <lastmod>2019-07-26T14:46:14+00:00</lastmod>
  <priority>0.51</priority>
</url>
<url>
  <loc>https://competent-swanson-7f8e04.netlify.com/curriculum/guides/1991/5/91.05.02.x</loc>
  <lastmod>2019-07-26T14:46:14+00:00</lastmod>
  <priority>0.51</priority>
</url>
<url>
  <loc>https://competent-swanson-7f8e04.netlify.com/curriculum/guides/2001/6/01.06.06.x</loc>
  <lastmod>2019-07-26T14:46:14+00:00</lastmod>
  <priority>0.51</priority>
</url>
<url>
  <loc>https://competent-swanson-7f8e04.netlify.com/curriculum/guides/1989/2/89.02.02.x</loc>
  <lastmod>2019-07-26T14:46:14+00:00</lastmod>
  <priority>0.51</priority>
</url>
<url>
  <loc>https://competent-swanson-7f8e04.netlify.com/curriculum/guides/1994/1/94.01.03.x</loc>
  <lastmod>2019-07-26T14:46:14+00:00</lastmod>
  <priority>0.51</priority>
</url>
<url>
  <loc>https://competent-swanson-7f8e04.netlify.com/curriculum/guides/1994/1/94.01.07.x</loc>
  <lastmod>2019-07-26T14:46:14+00:00</lastmod>
  <priority>0.51</priority>
</url>
<url>
  <loc>https://competent-swanson-7f8e04.netlify.com/curriculum/guides/1982/6/82.06.02.x</loc>
  <lastmod>2019-07-26T14:46:14+00:00</lastmod>
  <priority>0.51</priority>
</url>
<url>
  <loc>https://competent-swanson-7f8e04.netlify.com/curriculum/guides/1982/7/82.07.09.x</loc>
  <lastmod>2019-07-26T14:46:14+00:00</lastmod>
  <priority>0.51</priority>
</url>
<url>
  <loc>https://competent-swanson-7f8e04.netlify.com/curriculum/guides/1991/1/91.01.02.x</loc>
  <lastmod>2019-07-26T14:46:14+00:00</lastmod>
  <priority>0.51</priority>
</url>
<url>
  <loc>https://competent-swanson-7f8e04.netlify.com/curriculum/guides/1988/1/88.01.01.x</loc>
  <lastmod>2019-07-26T14:46:14+00:00</lastmod>
  <priority>0.51</priority>
</url>
<url>
  <loc>https://competent-swanson-7f8e04.netlify.com/curriculum/guides/1979/2/79.02.06.x</loc>
  <lastmod>2019-07-26T14:46:14+00:00</lastmod>
  <priority>0.51</priority>
</url>
<url>
  <loc>https://competent-swanson-7f8e04.netlify.com/curriculum/guides/1996/2/96.02.03.x</loc>
  <lastmod>2019-07-26T14:46:14+00:00</lastmod>
  <priority>0.51</priority>
</url>
<url>
  <loc>https://competent-swanson-7f8e04.netlify.com/curriculum/guides/1983/2/83.02.03.x</loc>
  <lastmod>2019-07-26T14:46:14+00:00</lastmod>
  <priority>0.51</priority>
</url>
<url>
  <loc>https://competent-swanson-7f8e04.netlify.com/curriculum/guides/1990/4/90.04.10.x</loc>
  <lastmod>2019-07-26T14:46:14+00:00</lastmod>
  <priority>0.51</priority>
</url>
<url>
  <loc>https://competent-swanson-7f8e04.netlify.com/curriculum/guides/1993/2/93.02.04.x</loc>
  <lastmod>2019-07-26T14:46:14+00:00</lastmod>
  <priority>0.51</priority>
</url>
<url>
  <loc>https://competent-swanson-7f8e04.netlify.com/curriculum/guides/1995/4/95.04.05.x</loc>
  <lastmod>2019-07-26T14:46:14+00:00</lastmod>
  <priority>0.51</priority>
</url>
<url>
  <loc>https://competent-swanson-7f8e04.netlify.com/curriculum/guides/1998/3/98.03.07.x</loc>
  <lastmod>2019-07-26T14:46:14+00:00</lastmod>
  <priority>0.51</priority>
</url>
<url>
  <loc>https://competent-swanson-7f8e04.netlify.com/curriculum/guides/1985/6/85.06.06.x</loc>
  <lastmod>2019-07-26T14:46:14+00:00</lastmod>
  <priority>0.51</priority>
</url>
<url>
  <loc>https://competent-swanson-7f8e04.netlify.com/curriculum/guides/1982/4/82.04.01.x</loc>
  <lastmod>2019-07-26T14:46:14+00:00</lastmod>
  <priority>0.51</priority>
</url>
<url>
  <loc>https://competent-swanson-7f8e04.netlify.com/curriculum/guides/2000/5/00.05.02.x</loc>
  <lastmod>2019-07-26T14:46:14+00:00</lastmod>
  <priority>0.51</priority>
</url>
<url>
  <loc>https://competent-swanson-7f8e04.netlify.com/curriculum/guides/2000/5/00.05.07.x</loc>
  <lastmod>2019-07-26T14:46:14+00:00</lastmod>
  <priority>0.51</priority>
</url>
<url>
  <loc>https://competent-swanson-7f8e04.netlify.com/curriculum/guides/1982/4/82.04.07.x</loc>
  <lastmod>2019-07-26T14:46:14+00:00</lastmod>
  <priority>0.51</priority>
</url>
<url>
  <loc>https://competent-swanson-7f8e04.netlify.com/curriculum/guides/2006/2/06.02.08.x</loc>
  <lastmod>2019-07-26T14:46:14+00:00</lastmod>
  <priority>0.51</priority>
</url>
<url>
  <loc>https://competent-swanson-7f8e04.netlify.com/curriculum/guides/1993/2/93.02.01.x</loc>
  <lastmod>2019-07-26T14:46:14+00:00</lastmod>
  <priority>0.51</priority>
</url>
<url>
  <loc>https://competent-swanson-7f8e04.netlify.com/curriculum/guides/1996/1/96.01.03.x</loc>
  <lastmod>2019-07-26T14:46:14+00:00</lastmod>
  <priority>0.51</priority>
</url>
<url>
  <loc>https://competent-swanson-7f8e04.netlify.com/curriculum/guides/1998/2/98.02.04.x</loc>
  <lastmod>2019-07-26T14:46:14+00:00</lastmod>
  <priority>0.51</priority>
</url>
<url>
  <loc>https://competent-swanson-7f8e04.netlify.com/curriculum/guides/2005/3/05.03.06.x</loc>
  <lastmod>2019-07-26T14:46:14+00:00</lastmod>
  <priority>0.51</priority>
</url>
<url>
  <loc>https://competent-swanson-7f8e04.netlify.com/curriculum/guides/2002/1/02.01.05.x</loc>
  <lastmod>2019-07-26T14:46:14+00:00</lastmod>
  <priority>0.51</priority>
</url>
<url>
  <loc>https://competent-swanson-7f8e04.netlify.com/curriculum/guides/2003/1/03.01.02.x</loc>
  <lastmod>2019-07-26T14:46:14+00:00</lastmod>
  <priority>0.51</priority>
</url>
<url>
  <loc>https://competent-swanson-7f8e04.netlify.com/curriculum/guides/1987/3/87.03.07.x</loc>
  <lastmod>2019-07-26T14:46:14+00:00</lastmod>
  <priority>0.51</priority>
</url>
<url>
  <loc>https://competent-swanson-7f8e04.netlify.com/curriculum/guides/1993/4/93.04.02.x</loc>
  <lastmod>2019-07-26T14:46:14+00:00</lastmod>
  <priority>0.51</priority>
</url>
<url>
  <loc>https://competent-swanson-7f8e04.netlify.com/curriculum/guides/1983/2/83.02.08.x</loc>
  <lastmod>2019-07-26T14:46:14+00:00</lastmod>
  <priority>0.51</priority>
</url>
<url>
  <loc>https://competent-swanson-7f8e04.netlify.com/curriculum/guides/1998/2/98.02.03.x</loc>
  <lastmod>2019-07-26T14:46:14+00:00</lastmod>
  <priority>0.51</priority>
</url>
<url>
  <loc>https://competent-swanson-7f8e04.netlify.com/curriculum/guides/1990/4/90.04.09.x</loc>
  <lastmod>2019-07-26T14:46:14+00:00</lastmod>
  <priority>0.51</priority>
</url>
<url>
  <loc>https://competent-swanson-7f8e04.netlify.com/curriculum/guides/1991/2/91.02.03.x</loc>
  <lastmod>2019-07-26T14:46:14+00:00</lastmod>
  <priority>0.51</priority>
</url>
<url>
  <loc>https://competent-swanson-7f8e04.netlify.com/curriculum/guides/1992/4/92.04.05.x</loc>
  <lastmod>2019-07-26T14:46:14+00:00</lastmod>
  <priority>0.51</priority>
</url>
<url>
  <loc>https://competent-swanson-7f8e04.netlify.com/curriculum/guides/1992/4/92.04.09.x</loc>
  <lastmod>2019-07-26T14:46:14+00:00</lastmod>
  <priority>0.51</priority>
</url>
<url>
  <loc>https://competent-swanson-7f8e04.netlify.com/curriculum/guides/1993/4/93.04.09.x</loc>
  <lastmod>2019-07-26T14:46:14+00:00</lastmod>
  <priority>0.51</priority>
</url>
<url>
  <loc>https://competent-swanson-7f8e04.netlify.com/curriculum/guides/1995/4/95.04.02.x</loc>
  <lastmod>2019-07-26T14:46:14+00:00</lastmod>
  <priority>0.51</priority>
</url>
<url>
  <loc>https://competent-swanson-7f8e04.netlify.com/curriculum/guides/1995/4/95.04.04.x</loc>
  <lastmod>2019-07-26T14:46:14+00:00</lastmod>
  <priority>0.51</priority>
</url>
<url>
  <loc>https://competent-swanson-7f8e04.netlify.com/curriculum/guides/2001/4/01.04.01.x</loc>
  <lastmod>2019-07-26T14:46:14+00:00</lastmod>
  <priority>0.51</priority>
</url>
<url>
  <loc>https://competent-swanson-7f8e04.netlify.com/curriculum/guides/2004/3/04.03.07.x</loc>
  <lastmod>2019-07-26T14:46:14+00:00</lastmod>
  <priority>0.51</priority>
</url>
<url>
  <loc>https://competent-swanson-7f8e04.netlify.com/curriculum/guides/2000/4/00.04.01.x</loc>
  <lastmod>2019-07-26T14:46:14+00:00</lastmod>
  <priority>0.51</priority>
</url>
<url>
  <loc>https://competent-swanson-7f8e04.netlify.com/curriculum/guides/2000/4/00.04.04.x</loc>
  <lastmod>2019-07-26T14:46:14+00:00</lastmod>
  <priority>0.51</priority>
</url>
<url>
  <loc>https://competent-swanson-7f8e04.netlify.com/curriculum/guides/1988/2/88.02.02.x</loc>
  <lastmod>2019-07-26T14:46:14+00:00</lastmod>
  <priority>0.51</priority>
</url>
<url>
  <loc>https://competent-swanson-7f8e04.netlify.com/curriculum/guides/1993/4/93.04.08.x</loc>
  <lastmod>2019-07-26T14:46:14+00:00</lastmod>
  <priority>0.51</priority>
</url>
<url>
  <loc>https://competent-swanson-7f8e04.netlify.com/curriculum/guides/1995/4/95.04.06.x</loc>
  <lastmod>2019-07-26T14:46:14+00:00</lastmod>
  <priority>0.51</priority>
</url>
<url>
  <loc>https://competent-swanson-7f8e04.netlify.com/curriculum/guides/1997/5/97.05.09.x</loc>
  <lastmod>2019-07-26T14:46:14+00:00</lastmod>
  <priority>0.51</priority>
</url>
<url>
  <loc>https://competent-swanson-7f8e04.netlify.com/curriculum/guides/2001/3/01.03.03.x</loc>
  <lastmod>2019-07-26T14:46:14+00:00</lastmod>
  <priority>0.51</priority>
</url>
<url>
  <loc>https://competent-swanson-7f8e04.netlify.com/curriculum/guides/2001/4/01.04.03.x</loc>
  <lastmod>2019-07-26T14:46:14+00:00</lastmod>
  <priority>0.51</priority>
</url>
<url>
  <loc>https://competent-swanson-7f8e04.netlify.com/curriculum/guides/2004/3/04.03.06.x</loc>
  <lastmod>2019-07-26T14:46:14+00:00</lastmod>
  <priority>0.51</priority>
</url>
<url>
  <loc>https://competent-swanson-7f8e04.netlify.com/curriculum/guides/2001/2/01.02.10.x</loc>
  <lastmod>2019-07-26T14:46:14+00:00</lastmod>
  <priority>0.51</priority>
</url>
<url>
  <loc>https://competent-swanson-7f8e04.netlify.com/curriculum/guides/2010/2/10.02.03.x</loc>
  <lastmod>2019-07-26T14:46:14+00:00</lastmod>
  <priority>0.51</priority>
</url>
<url>
  <loc>https://competent-swanson-7f8e04.netlify.com/curriculum/guides/1991/3/91.03.02.x</loc>
  <lastmod>2019-07-26T14:46:14+00:00</lastmod>
  <priority>0.51</priority>
</url>
<url>
  <loc>https://competent-swanson-7f8e04.netlify.com/curriculum/guides/1991/3/91.03.04.x</loc>
  <lastmod>2019-07-26T14:46:14+00:00</lastmod>
  <priority>0.51</priority>
</url>
<url>
  <loc>https://competent-swanson-7f8e04.netlify.com/curriculum/guides/1991/3/91.03.05.x</loc>
  <lastmod>2019-07-26T14:46:14+00:00</lastmod>
  <priority>0.51</priority>
</url>
<url>
  <loc>https://competent-swanson-7f8e04.netlify.com/curriculum/guides/1991/3/91.03.06.x</loc>
  <lastmod>2019-07-26T14:46:14+00:00</lastmod>
  <priority>0.51</priority>
</url>
<url>
  <loc>https://competent-swanson-7f8e04.netlify.com/curriculum/guides/1991/3/91.03.07.x</loc>
  <lastmod>2019-07-26T14:46:14+00:00</lastmod>
  <priority>0.51</priority>
</url>
<url>
  <loc>https://competent-swanson-7f8e04.netlify.com/curriculum/guides/1991/3/91.03.08.x</loc>
  <lastmod>2019-07-26T14:46:14+00:00</lastmod>
  <priority>0.51</priority>
</url>
<url>
  <loc>https://competent-swanson-7f8e04.netlify.com/curriculum/guides/1991/3/91.03.09.x</loc>
  <lastmod>2019-07-26T14:46:14+00:00</lastmod>
  <priority>0.51</priority>
</url>
<url>
  <loc>https://competent-swanson-7f8e04.netlify.com/curriculum/guides/1991/3/91.03.10.x</loc>
  <lastmod>2019-07-26T14:46:14+00:00</lastmod>
  <priority>0.51</priority>
</url>
<url>
  <loc>https://competent-swanson-7f8e04.netlify.com/curriculum/guides/1998/1/98.01.11.x</loc>
  <lastmod>2019-07-26T14:46:14+00:00</lastmod>
  <priority>0.51</priority>
</url>
<url>
  <loc>https://competent-swanson-7f8e04.netlify.com/curriculum/guides/1998/4/98.04.09.x</loc>
  <lastmod>2019-07-26T14:46:14+00:00</lastmod>
  <priority>0.51</priority>
</url>
<url>
  <loc>https://competent-swanson-7f8e04.netlify.com/curriculum/guides/1989/5/89.05.08.x</loc>
  <lastmod>2019-07-26T14:46:14+00:00</lastmod>
  <priority>0.51</priority>
</url>


</urlset>